TRANSFORMERS_CACHE: /data/transformers_cache
HF_HOME: /data/huggingface
HUGGINGFACE_HUB_CACHE: /data/huggingface/hub
HF_DATASETS_CACHE: /data/hf_datasets_cache
TMPDIR: /data/tmp
Input IDs:  [100000, 22043, 292, 302, 475, 93486, 4241, 45184, 7296, 84, 882, 355, 281, 1195, 90882, 1445, 36919, 405, 30912, 559, 8280, 2925, 377, 11531, 11, 20877, 104, 4873, 43506, 2951, 19505, 294, 69953, 7846, 265, 4001, 332, 89, 24320, 5500, 718, 11487, 73, 91948, 14090, 1708, 16192, 804, 74, 292, 16192, 13, 185, 34, 62340, 25701, 93536, 32993, 126, 115, 4001, 244, 1923, 5697, 16192, 7542, 45890, 21589, 16, 8, 38146, 3245, 127, 215, 7296, 1676, 79, 16192, 81, 4942, 21589, 17, 8, 405, 28658, 994, 3484, 522, 523, 1586, 16192, 73, 36661, 14974, 281, 3756, 7296, 72, 642, 386, 4465, 21589, 18, 8, 244, 16192, 32993, 262, 28658, 42118, 3119, 16192, 5408, 20121, 19, 8, 185, 7, 16, 8, 42984, 1043, 430, 67, 7049, 5609, 24320, 70, 454, 1923, 91948, 13, 185, 7, 17, 8, 42984, 1043, 430, 67, 7049, 353, 2008, 75, 24320, 31559, 24320, 31423, 804, 1923, 14377, 7341, 126, 120, 281, 13, 185, 7, 18, 8, 42984, 1043, 430, 67, 7049, 353, 2008, 75, 24320, 31559, 24320, 31423, 804, 1923, 14377, 7341, 126, 120, 281, 13, 185, 7, 19, 8, 87710, 1269, 5068, 16192, 1361, 804, 1923, 14377, 330, 81788, 13, 100015, 100015, 100001, 100001, 100001, 100001, 100001, 100001, 100001, 100001, 100001, 100001, 100001, 100001, 100001, 100001, 100001, 100001, 100001, 100001, 100001, 100001, 100001, 100001, 100001, 100001, 100001, 100001, 100001, 100001, 100001, 100001, 100001, 100001, 100001, 100001, 100001, 100001, 100001, 100001, 100001, 100001, 100001, 100001, 100001, 100001, 100001, 100001, 100001, 100001, 100001, 100001, 100001, 100001, 100001, 100001, 100001, 100001, 100001, 100001, 100001]
Labels:  [100000, 22043, 292, 302, 475, 93486, 4241, 45184, 7296, 84, 882, 355, 281, 1195, 90882, 1445, 36919, 405, 30912, 559, 8280, 2925, 377, 11531, 11, 20877, 104, 4873, 43506, 2951, 19505, 294, 69953, 7846, 265, 4001, 332, 89, 24320, 5500, 718, 11487, 73, 91948, 14090, 1708, 16192, 804, 74, 292, 16192, 13, 185, 34, 62340, 25701, 93536, 32993, 126, 115, 4001, 244, 1923, 5697, 16192, 7542, 45890, 21589, 16, 8, 38146, 3245, 127, 215, 7296, 1676, 79, 16192, 81, 4942, 21589, 17, 8, 405, 28658, 994, 3484, 522, 523, 1586, 16192, 73, 36661, 14974, 281, 3756, 7296, 72, 642, 386, 4465, 21589, 18, 8, 244, 16192, 32993, 262, 28658, 42118, 3119, 16192, 5408, 20121, 19, 8, 185, 7, 16, 8, 42984, 1043, 430, 67, 7049, 5609, 24320, 70, 454, 1923, 91948, 13, 185, 7, 17, 8, 42984, 1043, 430, 67, 7049, 353, 2008, 75, 24320, 31559, 24320, 31423, 804, 1923, 14377, 7341, 126, 120, 281, 13, 185, 7, 18, 8, 42984, 1043, 430, 67, 7049, 353, 2008, 75, 24320, 31559, 24320, 31423, 804, 1923, 14377, 7341, 126, 120, 281, 13, 185, 7, 19, 8, 87710, 1269, 5068, 16192, 1361, 804, 1923, 14377, 330, 81788, 13, 100015, 100015, -100, -100, -100, -100, -100, -100, -100, -100, -100, -100, -100, -100, -100, -100, -100, -100, -100, -100, -100, -100, -100, -100, -100, -100, -100, -100, -100, -100, -100, -100, -100, -100, -100, -100, -100, -100, -100, -100, -100, -100, -100, -100, -100, -100, -100, -100, -100, -100, -100, -100, -100, -100, -100, -100, -100, -100, -100, -100, -100]
Valid Label Tokens:  [100000, 22043, 292, 302, 475, 93486, 4241, 45184, 7296, 84, 882, 355, 281, 1195, 90882, 1445, 36919, 405, 30912, 559, 8280, 2925, 377, 11531, 11, 20877, 104, 4873, 43506, 2951, 19505, 294, 69953, 7846, 265, 4001, 332, 89, 24320, 5500, 718, 11487, 73, 91948, 14090, 1708, 16192, 804, 74, 292, 16192, 13, 185, 34, 62340, 25701, 93536, 32993, 126, 115, 4001, 244, 1923, 5697, 16192, 7542, 45890, 21589, 16, 8, 38146, 3245, 127, 215, 7296, 1676, 79, 16192, 81, 4942, 21589, 17, 8, 405, 28658, 994, 3484, 522, 523, 1586, 16192, 73, 36661, 14974, 281, 3756, 7296, 72, 642, 386, 4465, 21589, 18, 8, 244, 16192, 32993, 262, 28658, 42118, 3119, 16192, 5408, 20121, 19, 8, 185, 7, 16, 8, 42984, 1043, 430, 67, 7049, 5609, 24320, 70, 454, 1923, 91948, 13, 185, 7, 17, 8, 42984, 1043, 430, 67, 7049, 353, 2008, 75, 24320, 31559, 24320, 31423, 804, 1923, 14377, 7341, 126, 120, 281, 13, 185, 7, 18, 8, 42984, 1043, 430, 67, 7049, 353, 2008, 75, 24320, 31559, 24320, 31423, 804, 1923, 14377, 7341, 126, 120, 281, 13, 185, 7, 19, 8, 87710, 1269, 5068, 16192, 1361, 804, 1923, 14377, 330, 81788, 13, 100015, 100015]
100015
<|endoftext|>
{'loss': 4.0193, 'grad_norm': 1.5446666479110718, 'learning_rate': 1.923076923076923e-05, 'epoch': 0.08}
{'loss': 3.2563, 'grad_norm': 1.1961432695388794, 'learning_rate': 1.842948717948718e-05, 'epoch': 0.16}
{'loss': 2.6174, 'grad_norm': 1.2330518960952759, 'learning_rate': 1.762820512820513e-05, 'epoch': 0.24}
{'loss': 2.0561, 'grad_norm': 1.0019124746322632, 'learning_rate': 1.682692307692308e-05, 'epoch': 0.32}
{'loss': 1.6497, 'grad_norm': 1.0748405456542969, 'learning_rate': 1.602564102564103e-05, 'epoch': 0.4}
{'loss': 1.4575, 'grad_norm': 1.028763771057129, 'learning_rate': 1.5224358974358975e-05, 'epoch': 0.48}
{'loss': 1.3451, 'grad_norm': 1.1352410316467285, 'learning_rate': 1.4423076923076924e-05, 'epoch': 0.56}
{'loss': 1.2885, 'grad_norm': 0.9085394740104675, 'learning_rate': 1.3621794871794874e-05, 'epoch': 0.64}
{'loss': 1.2157, 'grad_norm': 0.8036919236183167, 'learning_rate': 1.2820512820512823e-05, 'epoch': 0.72}
{'loss': 1.1784, 'grad_norm': 0.8376179933547974, 'learning_rate': 1.201923076923077e-05, 'epoch': 0.8}
{'loss': 1.1768, 'grad_norm': 0.9986231327056885, 'learning_rate': 1.1217948717948719e-05, 'epoch': 0.88}
{'loss': 1.1663, 'grad_norm': 0.9642692804336548, 'learning_rate': 1.0416666666666668e-05, 'epoch': 0.96}
{'eval_loss': 1.127296805381775, 'eval_runtime': 11.5462, 'eval_samples_per_second': 25.983, 'eval_steps_per_second': 12.991, 'epoch': 1.0}
{'loss': 1.1491, 'grad_norm': 0.8556782603263855, 'learning_rate': 9.615384615384616e-06, 'epoch': 1.04}
{'loss': 1.1298, 'grad_norm': 0.911006510257721, 'learning_rate': 8.814102564102565e-06, 'epoch': 1.12}
{'loss': 1.1012, 'grad_norm': 1.0523102283477783, 'learning_rate': 8.012820512820515e-06, 'epoch': 1.2}
{'loss': 1.0876, 'grad_norm': 0.9034816026687622, 'learning_rate': 7.211538461538462e-06, 'epoch': 1.28}
{'loss': 1.09, 'grad_norm': 1.022539734840393, 'learning_rate': 6.410256410256412e-06, 'epoch': 1.36}
{'loss': 1.1139, 'grad_norm': 1.076411485671997, 'learning_rate': 5.608974358974359e-06, 'epoch': 1.44}
{'loss': 1.0284, 'grad_norm': 0.991060197353363, 'learning_rate': 4.807692307692308e-06, 'epoch': 1.52}
{'loss': 1.0827, 'grad_norm': 0.8297699689865112, 'learning_rate': 4.006410256410257e-06, 'epoch': 1.6}
{'loss': 1.0558, 'grad_norm': 0.8366624712944031, 'learning_rate': 3.205128205128206e-06, 'epoch': 1.68}
{'loss': 1.0655, 'grad_norm': 0.923808753490448, 'learning_rate': 2.403846153846154e-06, 'epoch': 1.76}
{'loss': 1.111, 'grad_norm': 1.006408452987671, 'learning_rate': 1.602564102564103e-06, 'epoch': 1.84}
{'loss': 1.0789, 'grad_norm': 0.9653467535972595, 'learning_rate': 8.012820512820515e-07, 'epoch': 1.92}
{'eval_loss': 1.0682767629623413, 'eval_runtime': 11.5505, 'eval_samples_per_second': 25.973, 'eval_steps_per_second': 12.986, 'epoch': 2.0}
{'train_runtime': 408.0739, 'train_samples_per_second': 12.253, 'train_steps_per_second': 1.529, 'train_loss': 1.4640713838430552, 'epoch': 2.0}
:) hope it's better now
