TRANSFORMERS_CACHE: /data/transformers_cache
HF_HOME: /data/huggingface
HUGGINGFACE_HUB_CACHE: /data/huggingface/hub
HF_DATASETS_CACHE: /data/hf_datasets_cache
TMPDIR: /data/tmp
Adding a distinct [PAD] token
Input IDs:  [128000, 38989, 267, 354, 552, 45576, 6987, 64519, 11906, 84, 1062, 347, 300, 48371, 3200, 66, 3251, 300, 653, 43329, 587, 9459, 3208, 25330, 336, 11, 10044, 104, 6455, 22924, 4991, 3864, 299, 45356, 13075, 281, 3978, 324, 89, 61711, 9004, 908, 11269, 73, 84309, 13046, 1662, 31757, 73678, 31757, 627, 34, 321, 85, 79083, 74, 309, 37524, 128, 115, 3978, 87272, 11427, 31757, 8747, 52314, 13247, 16, 8, 16909, 3355, 129, 228, 11906, 2145, 79, 31757, 81, 6348, 13247, 17, 8, 653, 1488, 437, 1073, 3267, 648, 503, 2784, 31757, 73, 25330, 21236, 300, 7251, 105112, 912, 513, 2749, 13247, 18, 8, 259, 31757, 37524, 285, 1488, 437, 37181, 4824, 31757, 5697, 13127, 19, 340, 7, 16, 8, 27790, 1900, 125619, 6181, 11091, 61711, 56167, 1609, 84309, 627, 7, 17, 8, 27790, 1900, 125619, 6181, 3355, 268, 75, 61711, 38977, 61711, 40625, 1028, 1609, 13722, 3067, 128, 120, 300, 627, 7, 18, 8, 27790, 1900, 125619, 6181, 3355, 268, 75, 61711, 38977, 61711, 40625, 1028, 1609, 13722, 3067, 128, 120, 300, 627, 7, 19, 8, 52433, 2641, 6463, 31757, 3315, 1028, 1609, 13722, 387, 343, 300, 13, 128256, 128256, 128257, 128257, 128257, 128257, 128257, 128257, 128257, 128257, 128257, 128257, 128257, 128257, 128257, 128257, 128257, 128257, 128257, 128257, 128257, 128257, 128257, 128257, 128257, 128257, 128257, 128257, 128257, 128257, 128257, 128257, 128257, 128257, 128257, 128257, 128257, 128257, 128257, 128257, 128257, 128257, 128257, 128257, 128257, 128257, 128257, 128257, 128257, 128257, 128257, 128257, 128257, 128257, 128257, 128257, 128257, 128257, 128257, 128257, 128257, 128257, 128257, 128257, 128257, 128257, 128257, 128257]
Labels:  [128000, 38989, 267, 354, 552, 45576, 6987, 64519, 11906, 84, 1062, 347, 300, 48371, 3200, 66, 3251, 300, 653, 43329, 587, 9459, 3208, 25330, 336, 11, 10044, 104, 6455, 22924, 4991, 3864, 299, 45356, 13075, 281, 3978, 324, 89, 61711, 9004, 908, 11269, 73, 84309, 13046, 1662, 31757, 73678, 31757, 627, 34, 321, 85, 79083, 74, 309, 37524, 128, 115, 3978, 87272, 11427, 31757, 8747, 52314, 13247, 16, 8, 16909, 3355, 129, 228, 11906, 2145, 79, 31757, 81, 6348, 13247, 17, 8, 653, 1488, 437, 1073, 3267, 648, 503, 2784, 31757, 73, 25330, 21236, 300, 7251, 105112, 912, 513, 2749, 13247, 18, 8, 259, 31757, 37524, 285, 1488, 437, 37181, 4824, 31757, 5697, 13127, 19, 340, 7, 16, 8, 27790, 1900, 125619, 6181, 11091, 61711, 56167, 1609, 84309, 627, 7, 17, 8, 27790, 1900, 125619, 6181, 3355, 268, 75, 61711, 38977, 61711, 40625, 1028, 1609, 13722, 3067, 128, 120, 300, 627, 7, 18, 8, 27790, 1900, 125619, 6181, 3355, 268, 75, 61711, 38977, 61711, 40625, 1028, 1609, 13722, 3067, 128, 120, 300, 627, 7, 19, 8, 52433, 2641, 6463, 31757, 3315, 1028, 1609, 13722, 387, 343, 300, 13, 128256, 128256, -100, -100, -100, -100, -100, -100, -100, -100, -100, -100, -100, -100, -100, -100, -100, -100, -100, -100, -100, -100, -100, -100, -100, -100, -100, -100, -100, -100, -100, -100, -100, -100, -100, -100, -100, -100, -100, -100, -100, -100, -100, -100, -100, -100, -100, -100, -100, -100, -100, -100, -100, -100, -100, -100, -100, -100, -100, -100, -100, -100, -100, -100, -100, -100, -100, -100]
Valid Label Tokens:  [128000, 38989, 267, 354, 552, 45576, 6987, 64519, 11906, 84, 1062, 347, 300, 48371, 3200, 66, 3251, 300, 653, 43329, 587, 9459, 3208, 25330, 336, 11, 10044, 104, 6455, 22924, 4991, 3864, 299, 45356, 13075, 281, 3978, 324, 89, 61711, 9004, 908, 11269, 73, 84309, 13046, 1662, 31757, 73678, 31757, 627, 34, 321, 85, 79083, 74, 309, 37524, 128, 115, 3978, 87272, 11427, 31757, 8747, 52314, 13247, 16, 8, 16909, 3355, 129, 228, 11906, 2145, 79, 31757, 81, 6348, 13247, 17, 8, 653, 1488, 437, 1073, 3267, 648, 503, 2784, 31757, 73, 25330, 21236, 300, 7251, 105112, 912, 513, 2749, 13247, 18, 8, 259, 31757, 37524, 285, 1488, 437, 37181, 4824, 31757, 5697, 13127, 19, 340, 7, 16, 8, 27790, 1900, 125619, 6181, 11091, 61711, 56167, 1609, 84309, 627, 7, 17, 8, 27790, 1900, 125619, 6181, 3355, 268, 75, 61711, 38977, 61711, 40625, 1028, 1609, 13722, 3067, 128, 120, 300, 627, 7, 18, 8, 27790, 1900, 125619, 6181, 3355, 268, 75, 61711, 38977, 61711, 40625, 1028, 1609, 13722, 3067, 128, 120, 300, 627, 7, 19, 8, 52433, 2641, 6463, 31757, 3315, 1028, 1609, 13722, 387, 343, 300, 13, 128256, 128256]
128256
<|endoftext|>
{'loss': 2.6715, 'grad_norm': 2.0197253227233887, 'learning_rate': 1.9615384615384617e-05, 'epoch': 0.08}
{'loss': 2.0929, 'grad_norm': 1.7955284118652344, 'learning_rate': 1.921474358974359e-05, 'epoch': 0.16}
{'loss': 1.5904, 'grad_norm': 1.9699211120605469, 'learning_rate': 1.8814102564102566e-05, 'epoch': 0.24}
{'loss': 1.3347, 'grad_norm': 1.4425252676010132, 'learning_rate': 1.841346153846154e-05, 'epoch': 0.32}
{'loss': 1.1482, 'grad_norm': 1.3545080423355103, 'learning_rate': 1.8012820512820515e-05, 'epoch': 0.4}
{'loss': 1.1087, 'grad_norm': 1.6569297313690186, 'learning_rate': 1.7612179487179487e-05, 'epoch': 0.48}
{'loss': 1.071, 'grad_norm': 1.6297954320907593, 'learning_rate': 1.7211538461538465e-05, 'epoch': 0.56}
{'loss': 1.0555, 'grad_norm': 1.677488923072815, 'learning_rate': 1.6810897435897436e-05, 'epoch': 0.64}
{'loss': 1.0233, 'grad_norm': 1.353446125984192, 'learning_rate': 1.641025641025641e-05, 'epoch': 0.72}
{'loss': 1.0264, 'grad_norm': 1.728711724281311, 'learning_rate': 1.6009615384615385e-05, 'epoch': 0.8}
{'loss': 1.0224, 'grad_norm': 1.6152814626693726, 'learning_rate': 1.560897435897436e-05, 'epoch': 0.88}
{'loss': 1.0214, 'grad_norm': 1.7435823678970337, 'learning_rate': 1.5208333333333333e-05, 'epoch': 0.96}
{'eval_loss': 1.0053569078445435, 'eval_runtime': 13.2381, 'eval_samples_per_second': 22.662, 'eval_steps_per_second': 11.331, 'epoch': 1.0}
{'loss': 1.0069, 'grad_norm': 1.1199357509613037, 'learning_rate': 1.480769230769231e-05, 'epoch': 1.04}
{'loss': 0.9801, 'grad_norm': 1.309583306312561, 'learning_rate': 1.4407051282051283e-05, 'epoch': 1.12}
{'loss': 0.9922, 'grad_norm': 2.000822067260742, 'learning_rate': 1.4006410256410257e-05, 'epoch': 1.2}
{'loss': 0.9942, 'grad_norm': 1.3952035903930664, 'learning_rate': 1.3605769230769232e-05, 'epoch': 1.28}
{'loss': 0.9717, 'grad_norm': 1.8386503458023071, 'learning_rate': 1.3205128205128207e-05, 'epoch': 1.36}
{'loss': 1.0154, 'grad_norm': 1.94760262966156, 'learning_rate': 1.280448717948718e-05, 'epoch': 1.44}
{'loss': 0.948, 'grad_norm': 1.6558457612991333, 'learning_rate': 1.2403846153846156e-05, 'epoch': 1.52}
{'loss': 0.9919, 'grad_norm': 1.56242036819458, 'learning_rate': 1.2003205128205129e-05, 'epoch': 1.6}
{'loss': 0.9717, 'grad_norm': 2.0696232318878174, 'learning_rate': 1.1602564102564104e-05, 'epoch': 1.68}
{'loss': 0.974, 'grad_norm': 1.8539551496505737, 'learning_rate': 1.1201923076923078e-05, 'epoch': 1.76}
{'loss': 1.0082, 'grad_norm': 1.51558256149292, 'learning_rate': 1.0801282051282051e-05, 'epoch': 1.84}
{'loss': 0.9761, 'grad_norm': 1.5934547185897827, 'learning_rate': 1.0400641025641028e-05, 'epoch': 1.92}
{'loss': 0.9776, 'grad_norm': 1.8255691528320312, 'learning_rate': 1e-05, 'epoch': 2.0}
{'eval_loss': 0.9725139141082764, 'eval_runtime': 13.2369, 'eval_samples_per_second': 22.664, 'eval_steps_per_second': 11.332, 'epoch': 2.0}
{'loss': 0.9716, 'grad_norm': 1.5338083505630493, 'learning_rate': 9.599358974358976e-06, 'epoch': 2.08}
{'loss': 0.966, 'grad_norm': 1.52914559841156, 'learning_rate': 9.198717948717949e-06, 'epoch': 2.16}
{'loss': 0.9462, 'grad_norm': 1.9205085039138794, 'learning_rate': 8.798076923076923e-06, 'epoch': 2.24}
{'loss': 0.9745, 'grad_norm': 1.7753372192382812, 'learning_rate': 8.397435897435898e-06, 'epoch': 2.32}
{'loss': 0.9511, 'grad_norm': 1.3440263271331787, 'learning_rate': 7.996794871794873e-06, 'epoch': 2.4}
{'loss': 0.9877, 'grad_norm': 1.6753199100494385, 'learning_rate': 7.5961538461538465e-06, 'epoch': 2.48}
{'loss': 0.9619, 'grad_norm': 1.657911777496338, 'learning_rate': 7.195512820512821e-06, 'epoch': 2.56}
{'loss': 0.9934, 'grad_norm': 1.585479974746704, 'learning_rate': 6.794871794871796e-06, 'epoch': 2.64}
{'loss': 0.9445, 'grad_norm': 1.5616421699523926, 'learning_rate': 6.394230769230769e-06, 'epoch': 2.72}
{'loss': 0.9666, 'grad_norm': 1.564886450767517, 'learning_rate': 5.9935897435897436e-06, 'epoch': 2.8}
{'loss': 0.9507, 'grad_norm': 2.595832347869873, 'learning_rate': 5.592948717948718e-06, 'epoch': 2.88}
{'loss': 0.9302, 'grad_norm': 1.793544054031372, 'learning_rate': 5.192307692307693e-06, 'epoch': 2.96}
{'eval_loss': 0.9613229632377625, 'eval_runtime': 13.2352, 'eval_samples_per_second': 22.667, 'eval_steps_per_second': 11.333, 'epoch': 3.0}
{'loss': 0.9524, 'grad_norm': 1.8901079893112183, 'learning_rate': 4.791666666666668e-06, 'epoch': 3.04}
{'loss': 0.9684, 'grad_norm': 1.6789017915725708, 'learning_rate': 4.3910256410256415e-06, 'epoch': 3.12}
{'loss': 0.9578, 'grad_norm': 2.066697597503662, 'learning_rate': 3.990384615384616e-06, 'epoch': 3.2}
{'loss': 0.9606, 'grad_norm': 1.7640663385391235, 'learning_rate': 3.58974358974359e-06, 'epoch': 3.28}
{'loss': 0.9112, 'grad_norm': 1.435538411140442, 'learning_rate': 3.1891025641025643e-06, 'epoch': 3.36}
{'loss': 0.957, 'grad_norm': 1.6785976886749268, 'learning_rate': 2.7884615384615386e-06, 'epoch': 3.44}
{'loss': 0.9338, 'grad_norm': 1.7291967868804932, 'learning_rate': 2.3878205128205133e-06, 'epoch': 3.52}
{'loss': 0.9742, 'grad_norm': 1.877065658569336, 'learning_rate': 1.987179487179487e-06, 'epoch': 3.6}
{'loss': 0.9539, 'grad_norm': 1.8694497346878052, 'learning_rate': 1.5865384615384616e-06, 'epoch': 3.68}
{'loss': 0.9529, 'grad_norm': 1.8432793617248535, 'learning_rate': 1.185897435897436e-06, 'epoch': 3.76}
{'loss': 0.9341, 'grad_norm': 1.5262762308120728, 'learning_rate': 7.852564102564103e-07, 'epoch': 3.84}
{'loss': 0.9276, 'grad_norm': 1.7586312294006348, 'learning_rate': 3.846153846153847e-07, 'epoch': 3.92}
{'eval_loss': 0.9571768045425415, 'eval_runtime': 13.2374, 'eval_samples_per_second': 22.663, 'eval_steps_per_second': 11.332, 'epoch': 3.99}
{'train_runtime': 961.7436, 'train_samples_per_second': 10.398, 'train_steps_per_second': 1.298, 'train_loss': 1.0572366210130544, 'epoch': 3.99}
:) hope it's better now
