TRANSFORMERS_CACHE: /data/transformers_cache
HF_HOME: /data/huggingface
HUGGINGFACE_HUB_CACHE: /data/huggingface/hub
HF_DATASETS_CACHE: /data/hf_datasets_cache
TMPDIR: /data/tmp
Input IDs:  [2, 17449, 540, 557, 695, 14740, 4115, 43767, 81876, 1016, 209764, 939, 42296, 139669, 723, 31940, 82969, 3172, 191386, 236764, 148840, 5399, 6947, 29777, 547, 530, 12189, 4586, 76773, 556, 163211, 4404, 118618, 4315, 31828, 13548, 162041, 69176, 237448, 236761, 107, 236780, 543, 98361, 38121, 8153, 241271, 3862, 29271, 5224, 203999, 21538, 25991, 236770, 236768, 5361, 2518, 145578, 1737, 236758, 45293, 3621, 25991, 236778, 236768, 723, 58507, 7892, 703, 673, 1474, 79334, 9031, 222283, 3306, 32627, 951, 636, 3203, 25991, 236800, 236768, 106150, 8153, 511, 58507, 236751, 3085, 150961, 15889, 236812, 236768, 107, 236769, 236770, 236768, 13877, 2139, 657, 148911, 4857, 237993, 54511, 727, 31828, 236761, 107, 236769, 236778, 236768, 13877, 2139, 657, 148911, 61991, 236752, 237993, 24134, 237993, 18500, 926, 727, 8931, 1776, 240050, 527, 236761, 107, 236769, 236800, 236768, 13877, 2139, 657, 148911, 61991, 236752, 237993, 24134, 237993, 18500, 926, 727, 8931, 1776, 240050, 527, 236761, 107, 236769, 236812, 236768, 57794, 1412, 6271, 197933, 926, 727, 8931, 577, 68395, 236761, 262145, 262145, 0, 0, 0, 0, 0, 0, 0, 0, 0, 0, 0, 0, 0, 0, 0, 0, 0, 0, 0, 0, 0, 0, 0, 0, 0, 0, 0, 0, 0, 0, 0, 0, 0, 0, 0, 0, 0, 0, 0, 0, 0, 0, 0, 0, 0, 0, 0, 0, 0, 0, 0, 0, 0, 0, 0, 0, 0, 0, 0, 0, 0, 0, 0, 0, 0, 0, 0, 0, 0, 0, 0, 0, 0, 0, 0, 0, 0, 0, 0, 0, 0, 0, 0, 0, 0, 0, 0, 0, 0, 0, 0, 0]
Labels:  [2, 17449, 540, 557, 695, 14740, 4115, 43767, 81876, 1016, 209764, 939, 42296, 139669, 723, 31940, 82969, 3172, 191386, 236764, 148840, 5399, 6947, 29777, 547, 530, 12189, 4586, 76773, 556, 163211, 4404, 118618, 4315, 31828, 13548, 162041, 69176, 237448, 236761, 107, 236780, 543, 98361, 38121, 8153, 241271, 3862, 29271, 5224, 203999, 21538, 25991, 236770, 236768, 5361, 2518, 145578, 1737, 236758, 45293, 3621, 25991, 236778, 236768, 723, 58507, 7892, 703, 673, 1474, 79334, 9031, 222283, 3306, 32627, 951, 636, 3203, 25991, 236800, 236768, 106150, 8153, 511, 58507, 236751, 3085, 150961, 15889, 236812, 236768, 107, 236769, 236770, 236768, 13877, 2139, 657, 148911, 4857, 237993, 54511, 727, 31828, 236761, 107, 236769, 236778, 236768, 13877, 2139, 657, 148911, 61991, 236752, 237993, 24134, 237993, 18500, 926, 727, 8931, 1776, 240050, 527, 236761, 107, 236769, 236800, 236768, 13877, 2139, 657, 148911, 61991, 236752, 237993, 24134, 237993, 18500, 926, 727, 8931, 1776, 240050, 527, 236761, 107, 236769, 236812, 236768, 57794, 1412, 6271, 197933, 926, 727, 8931, 577, 68395, 236761, 262145, 262145, -100, -100, -100, -100, -100, -100, -100, -100, -100, -100, -100, -100, -100, -100, -100, -100, -100, -100, -100, -100, -100, -100, -100, -100, -100, -100, -100, -100, -100, -100, -100, -100, -100, -100, -100, -100, -100, -100, -100, -100, -100, -100, -100, -100, -100, -100, -100, -100, -100, -100, -100, -100, -100, -100, -100, -100, -100, -100, -100, -100, -100, -100, -100, -100, -100, -100, -100, -100, -100, -100, -100, -100, -100, -100, -100, -100, -100, -100, -100, -100, -100, -100, -100, -100, -100, -100, -100, -100, -100, -100, -100, -100]
Valid Label Tokens:  [2, 17449, 540, 557, 695, 14740, 4115, 43767, 81876, 1016, 209764, 939, 42296, 139669, 723, 31940, 82969, 3172, 191386, 236764, 148840, 5399, 6947, 29777, 547, 530, 12189, 4586, 76773, 556, 163211, 4404, 118618, 4315, 31828, 13548, 162041, 69176, 237448, 236761, 107, 236780, 543, 98361, 38121, 8153, 241271, 3862, 29271, 5224, 203999, 21538, 25991, 236770, 236768, 5361, 2518, 145578, 1737, 236758, 45293, 3621, 25991, 236778, 236768, 723, 58507, 7892, 703, 673, 1474, 79334, 9031, 222283, 3306, 32627, 951, 636, 3203, 25991, 236800, 236768, 106150, 8153, 511, 58507, 236751, 3085, 150961, 15889, 236812, 236768, 107, 236769, 236770, 236768, 13877, 2139, 657, 148911, 4857, 237993, 54511, 727, 31828, 236761, 107, 236769, 236778, 236768, 13877, 2139, 657, 148911, 61991, 236752, 237993, 24134, 237993, 18500, 926, 727, 8931, 1776, 240050, 527, 236761, 107, 236769, 236800, 236768, 13877, 2139, 657, 148911, 61991, 236752, 237993, 24134, 237993, 18500, 926, 727, 8931, 1776, 240050, 527, 236761, 107, 236769, 236812, 236768, 57794, 1412, 6271, 197933, 926, 727, 8931, 577, 68395, 236761, 262145, 262145]
262145
<|endoftext|>
{'loss': 10.4936, 'grad_norm': 5.851282596588135, 'learning_rate': 1.923076923076923e-05, 'epoch': 0.08}
{'loss': 7.8324, 'grad_norm': 3.6506714820861816, 'learning_rate': 1.842948717948718e-05, 'epoch': 0.16}
{'loss': 6.1577, 'grad_norm': 3.637462615966797, 'learning_rate': 1.762820512820513e-05, 'epoch': 0.24}
{'loss': 5.1676, 'grad_norm': 3.109422206878662, 'learning_rate': 1.682692307692308e-05, 'epoch': 0.32}
{'loss': 4.4412, 'grad_norm': 2.4642066955566406, 'learning_rate': 1.602564102564103e-05, 'epoch': 0.4}
{'loss': 4.3289, 'grad_norm': 3.740339994430542, 'learning_rate': 1.5224358974358975e-05, 'epoch': 0.48}
{'loss': 4.2139, 'grad_norm': 3.30566668510437, 'learning_rate': 1.4423076923076924e-05, 'epoch': 0.56}
{'loss': 4.1819, 'grad_norm': 3.0136759281158447, 'learning_rate': 1.3621794871794874e-05, 'epoch': 0.64}
{'loss': 4.0143, 'grad_norm': 3.455409288406372, 'learning_rate': 1.2820512820512823e-05, 'epoch': 0.72}
{'loss': 3.9828, 'grad_norm': 2.894339084625244, 'learning_rate': 1.201923076923077e-05, 'epoch': 0.8}
{'loss': 3.8989, 'grad_norm': 3.727006673812866, 'learning_rate': 1.1217948717948719e-05, 'epoch': 0.88}
{'loss': 3.8113, 'grad_norm': 5.014718055725098, 'learning_rate': 1.0416666666666668e-05, 'epoch': 0.96}
{'eval_loss': 0.9000866413116455, 'eval_runtime': 33.1048, 'eval_samples_per_second': 9.062, 'eval_steps_per_second': 4.531, 'epoch': 1.0}
{'loss': 3.5329, 'grad_norm': 4.474580764770508, 'learning_rate': 9.615384615384616e-06, 'epoch': 1.04}
{'loss': 3.4111, 'grad_norm': 4.43653678894043, 'learning_rate': 8.814102564102565e-06, 'epoch': 1.12}
{'loss': 3.3356, 'grad_norm': 4.567802906036377, 'learning_rate': 8.012820512820515e-06, 'epoch': 1.2}
{'loss': 3.3618, 'grad_norm': 3.64552640914917, 'learning_rate': 7.211538461538462e-06, 'epoch': 1.28}
{'loss': 3.2185, 'grad_norm': 4.37148904800415, 'learning_rate': 6.410256410256412e-06, 'epoch': 1.36}
{'loss': 3.3894, 'grad_norm': 4.402263164520264, 'learning_rate': 5.608974358974359e-06, 'epoch': 1.44}
{'loss': 3.18, 'grad_norm': 3.473339080810547, 'learning_rate': 4.807692307692308e-06, 'epoch': 1.52}
{'loss': 3.3184, 'grad_norm': 3.156691074371338, 'learning_rate': 4.006410256410257e-06, 'epoch': 1.6}
{'loss': 3.2388, 'grad_norm': 3.324984312057495, 'learning_rate': 3.205128205128206e-06, 'epoch': 1.68}
{'loss': 3.2596, 'grad_norm': 3.6693553924560547, 'learning_rate': 2.403846153846154e-06, 'epoch': 1.76}
{'loss': 3.3909, 'grad_norm': 3.324721574783325, 'learning_rate': 1.602564102564103e-06, 'epoch': 1.84}
{'loss': 3.2749, 'grad_norm': 3.0990872383117676, 'learning_rate': 8.012820512820515e-07, 'epoch': 1.92}
{'eval_loss': 0.8119014501571655, 'eval_runtime': 34.6072, 'eval_samples_per_second': 8.669, 'eval_steps_per_second': 4.334, 'epoch': 2.0}
{'train_runtime': 826.9419, 'train_samples_per_second': 6.046, 'train_steps_per_second': 0.755, 'train_loss': 4.230483593084873, 'epoch': 2.0}
:) hope it's better now
