TRANSFORMERS_CACHE: /data/transformers_cache
HF_HOME: /data/huggingface
HUGGINGFACE_HUB_CACHE: /data/huggingface/hub
HF_DATASETS_CACHE: /data/hf_datasets_cache
TMPDIR: /data/tmp
Input IDs:  [2, 17449, 540, 557, 695, 14740, 4115, 43767, 81876, 1016, 209764, 939, 42296, 139669, 723, 31940, 82969, 3172, 191386, 236764, 148840, 5399, 6947, 29777, 547, 530, 12189, 4586, 76773, 556, 163211, 4404, 118618, 4315, 31828, 13548, 162041, 69176, 237448, 236761, 107, 236780, 543, 98361, 38121, 8153, 241271, 3862, 29271, 5224, 203999, 21538, 25991, 236770, 236768, 5361, 2518, 145578, 1737, 236758, 45293, 3621, 25991, 236778, 236768, 723, 58507, 7892, 703, 673, 1474, 79334, 9031, 222283, 3306, 32627, 951, 636, 3203, 25991, 236800, 236768, 106150, 8153, 511, 58507, 236751, 3085, 150961, 15889, 236812, 236768, 107, 236769, 236770, 236768, 13877, 2139, 657, 148911, 4857, 237993, 54511, 727, 31828, 236761, 107, 236769, 236778, 236768, 13877, 2139, 657, 148911, 61991, 236752, 237993, 24134, 237993, 18500, 926, 727, 8931, 1776, 240050, 527, 236761, 107, 236769, 236800, 236768, 13877, 2139, 657, 148911, 61991, 236752, 237993, 24134, 237993, 18500, 926, 727, 8931, 1776, 240050, 527, 236761, 107, 236769, 236812, 236768, 57794, 1412, 6271, 197933, 926, 727, 8931, 577, 68395, 236761, 262145, 262145, 0, 0, 0, 0, 0, 0, 0, 0, 0, 0, 0, 0, 0, 0, 0, 0, 0, 0, 0, 0, 0, 0, 0, 0, 0, 0, 0, 0, 0, 0, 0, 0, 0, 0, 0, 0, 0, 0, 0, 0, 0, 0, 0, 0, 0, 0, 0, 0, 0, 0, 0, 0, 0, 0, 0, 0, 0, 0, 0, 0, 0, 0, 0, 0, 0, 0, 0, 0, 0, 0, 0, 0, 0, 0, 0, 0, 0, 0, 0, 0, 0, 0, 0, 0, 0, 0, 0, 0, 0, 0, 0, 0]
Labels:  [2, 17449, 540, 557, 695, 14740, 4115, 43767, 81876, 1016, 209764, 939, 42296, 139669, 723, 31940, 82969, 3172, 191386, 236764, 148840, 5399, 6947, 29777, 547, 530, 12189, 4586, 76773, 556, 163211, 4404, 118618, 4315, 31828, 13548, 162041, 69176, 237448, 236761, 107, 236780, 543, 98361, 38121, 8153, 241271, 3862, 29271, 5224, 203999, 21538, 25991, 236770, 236768, 5361, 2518, 145578, 1737, 236758, 45293, 3621, 25991, 236778, 236768, 723, 58507, 7892, 703, 673, 1474, 79334, 9031, 222283, 3306, 32627, 951, 636, 3203, 25991, 236800, 236768, 106150, 8153, 511, 58507, 236751, 3085, 150961, 15889, 236812, 236768, 107, 236769, 236770, 236768, 13877, 2139, 657, 148911, 4857, 237993, 54511, 727, 31828, 236761, 107, 236769, 236778, 236768, 13877, 2139, 657, 148911, 61991, 236752, 237993, 24134, 237993, 18500, 926, 727, 8931, 1776, 240050, 527, 236761, 107, 236769, 236800, 236768, 13877, 2139, 657, 148911, 61991, 236752, 237993, 24134, 237993, 18500, 926, 727, 8931, 1776, 240050, 527, 236761, 107, 236769, 236812, 236768, 57794, 1412, 6271, 197933, 926, 727, 8931, 577, 68395, 236761, 262145, 262145, -100, -100, -100, -100, -100, -100, -100, -100, -100, -100, -100, -100, -100, -100, -100, -100, -100, -100, -100, -100, -100, -100, -100, -100, -100, -100, -100, -100, -100, -100, -100, -100, -100, -100, -100, -100, -100, -100, -100, -100, -100, -100, -100, -100, -100, -100, -100, -100, -100, -100, -100, -100, -100, -100, -100, -100, -100, -100, -100, -100, -100, -100, -100, -100, -100, -100, -100, -100, -100, -100, -100, -100, -100, -100, -100, -100, -100, -100, -100, -100, -100, -100, -100, -100, -100, -100, -100, -100, -100, -100, -100, -100]
Valid Label Tokens:  [2, 17449, 540, 557, 695, 14740, 4115, 43767, 81876, 1016, 209764, 939, 42296, 139669, 723, 31940, 82969, 3172, 191386, 236764, 148840, 5399, 6947, 29777, 547, 530, 12189, 4586, 76773, 556, 163211, 4404, 118618, 4315, 31828, 13548, 162041, 69176, 237448, 236761, 107, 236780, 543, 98361, 38121, 8153, 241271, 3862, 29271, 5224, 203999, 21538, 25991, 236770, 236768, 5361, 2518, 145578, 1737, 236758, 45293, 3621, 25991, 236778, 236768, 723, 58507, 7892, 703, 673, 1474, 79334, 9031, 222283, 3306, 32627, 951, 636, 3203, 25991, 236800, 236768, 106150, 8153, 511, 58507, 236751, 3085, 150961, 15889, 236812, 236768, 107, 236769, 236770, 236768, 13877, 2139, 657, 148911, 4857, 237993, 54511, 727, 31828, 236761, 107, 236769, 236778, 236768, 13877, 2139, 657, 148911, 61991, 236752, 237993, 24134, 237993, 18500, 926, 727, 8931, 1776, 240050, 527, 236761, 107, 236769, 236800, 236768, 13877, 2139, 657, 148911, 61991, 236752, 237993, 24134, 237993, 18500, 926, 727, 8931, 1776, 240050, 527, 236761, 107, 236769, 236812, 236768, 57794, 1412, 6271, 197933, 926, 727, 8931, 577, 68395, 236761, 262145, 262145]
262145
<|endoftext|>
{'loss': 10.5039, 'grad_norm': 5.98491096496582, 'learning_rate': 1.9487179487179488e-05, 'epoch': 0.08}
{'loss': 7.8246, 'grad_norm': 3.705430507659912, 'learning_rate': 1.8952991452991453e-05, 'epoch': 0.16}
{'loss': 6.0907, 'grad_norm': 3.3014209270477295, 'learning_rate': 1.841880341880342e-05, 'epoch': 0.24}
{'loss': 5.0964, 'grad_norm': 3.0609357357025146, 'learning_rate': 1.7884615384615387e-05, 'epoch': 0.32}
{'loss': 4.4077, 'grad_norm': 2.4138736724853516, 'learning_rate': 1.7350427350427352e-05, 'epoch': 0.4}
{'loss': 4.3049, 'grad_norm': 3.576646327972412, 'learning_rate': 1.6816239316239317e-05, 'epoch': 0.48}
{'loss': 4.1854, 'grad_norm': 3.4576728343963623, 'learning_rate': 1.6282051282051282e-05, 'epoch': 0.56}
{'loss': 4.1539, 'grad_norm': 3.057187557220459, 'learning_rate': 1.5747863247863247e-05, 'epoch': 0.64}
{'loss': 3.9808, 'grad_norm': 3.246572971343994, 'learning_rate': 1.5213675213675214e-05, 'epoch': 0.72}
{'loss': 3.9443, 'grad_norm': 3.0913703441619873, 'learning_rate': 1.467948717948718e-05, 'epoch': 0.8}
{'loss': 3.8304, 'grad_norm': 3.737663745880127, 'learning_rate': 1.4145299145299148e-05, 'epoch': 0.88}
{'loss': 3.6822, 'grad_norm': 5.517273426055908, 'learning_rate': 1.3611111111111113e-05, 'epoch': 0.96}
{'eval_loss': 0.8412039875984192, 'eval_runtime': 32.3473, 'eval_samples_per_second': 9.274, 'eval_steps_per_second': 4.637, 'epoch': 1.0}
{'loss': 3.325, 'grad_norm': 3.53892183303833, 'learning_rate': 1.3076923076923078e-05, 'epoch': 1.04}
{'loss': 3.2696, 'grad_norm': 3.824657678604126, 'learning_rate': 1.2542735042735043e-05, 'epoch': 1.12}
{'loss': 3.261, 'grad_norm': 3.4837896823883057, 'learning_rate': 1.2008547008547009e-05, 'epoch': 1.2}
{'loss': 3.3096, 'grad_norm': 3.541912317276001, 'learning_rate': 1.1474358974358974e-05, 'epoch': 1.28}
{'loss': 3.1597, 'grad_norm': 3.668846607208252, 'learning_rate': 1.0940170940170942e-05, 'epoch': 1.36}
{'loss': 3.3251, 'grad_norm': 4.661392688751221, 'learning_rate': 1.0405982905982907e-05, 'epoch': 1.44}
{'loss': 3.1125, 'grad_norm': 3.651947021484375, 'learning_rate': 9.871794871794872e-06, 'epoch': 1.52}
{'loss': 3.2524, 'grad_norm': 3.0209648609161377, 'learning_rate': 9.33760683760684e-06, 'epoch': 1.6}
{'loss': 3.1693, 'grad_norm': 3.346529483795166, 'learning_rate': 8.803418803418804e-06, 'epoch': 1.68}
{'loss': 3.1846, 'grad_norm': 3.0870678424835205, 'learning_rate': 8.26923076923077e-06, 'epoch': 1.76}
{'loss': 3.307, 'grad_norm': 3.302663564682007, 'learning_rate': 7.735042735042736e-06, 'epoch': 1.84}
{'loss': 3.1888, 'grad_norm': 2.9359114170074463, 'learning_rate': 7.2008547008547015e-06, 'epoch': 1.92}
{'loss': 3.2033, 'grad_norm': 3.888857364654541, 'learning_rate': 6.666666666666667e-06, 'epoch': 2.0}
{'eval_loss': 0.7864212989807129, 'eval_runtime': 34.0059, 'eval_samples_per_second': 8.822, 'eval_steps_per_second': 4.411, 'epoch': 2.0}
{'loss': 3.0898, 'grad_norm': 3.5421388149261475, 'learning_rate': 6.1324786324786335e-06, 'epoch': 2.08}
{'loss': 3.1054, 'grad_norm': 3.425964593887329, 'learning_rate': 5.598290598290599e-06, 'epoch': 2.16}
{'loss': 3.0309, 'grad_norm': 4.726886749267578, 'learning_rate': 5.064102564102565e-06, 'epoch': 2.24}
{'loss': 3.1362, 'grad_norm': 4.176088333129883, 'learning_rate': 4.5299145299145306e-06, 'epoch': 2.32}
{'loss': 3.0148, 'grad_norm': 3.3902816772460938, 'learning_rate': 3.9957264957264966e-06, 'epoch': 2.4}
{'loss': 3.1592, 'grad_norm': 4.513393878936768, 'learning_rate': 3.4615384615384617e-06, 'epoch': 2.48}
{'loss': 3.081, 'grad_norm': 3.8017966747283936, 'learning_rate': 2.9273504273504277e-06, 'epoch': 2.56}
{'loss': 3.1373, 'grad_norm': 3.8578262329101562, 'learning_rate': 2.3931623931623937e-06, 'epoch': 2.64}
{'loss': 3.0255, 'grad_norm': 4.030019760131836, 'learning_rate': 1.8589743589743592e-06, 'epoch': 2.72}
{'loss': 3.1401, 'grad_norm': 4.075922012329102, 'learning_rate': 1.324786324786325e-06, 'epoch': 2.8}
{'loss': 3.0495, 'grad_norm': 7.05656623840332, 'learning_rate': 7.905982905982906e-07, 'epoch': 2.88}
{'loss': 2.8972, 'grad_norm': 3.6724352836608887, 'learning_rate': 2.564102564102564e-07, 'epoch': 2.96}
{'eval_loss': 0.7612718939781189, 'eval_runtime': 34.3246, 'eval_samples_per_second': 8.74, 'eval_steps_per_second': 4.37, 'epoch': 2.99}
{'train_runtime': 1237.9177, 'train_samples_per_second': 6.059, 'train_steps_per_second': 0.756, 'train_loss': 3.7997114923265247, 'epoch': 2.99}
:) hope it's better now
