TRANSFORMERS_CACHE: /data/transformers_cache
HF_HOME: /data/huggingface
HUGGINGFACE_HUB_CACHE: /data/huggingface/hub
HF_DATASETS_CACHE: /data/hf_datasets_cache
TMPDIR: /data/tmp
Input IDs:  [100000, 22043, 292, 302, 475, 93486, 4241, 45184, 7296, 84, 882, 355, 281, 1195, 90882, 1445, 36919, 405, 30912, 559, 8280, 2925, 377, 11531, 11, 20877, 104, 4873, 43506, 2951, 19505, 294, 69953, 7846, 265, 4001, 332, 89, 24320, 5500, 718, 11487, 73, 91948, 14090, 1708, 16192, 804, 74, 292, 16192, 13, 185, 34, 62340, 25701, 93536, 32993, 126, 115, 4001, 244, 1923, 5697, 16192, 7542, 45890, 21589, 16, 8, 38146, 3245, 127, 215, 7296, 1676, 79, 16192, 81, 4942, 21589, 17, 8, 405, 28658, 994, 3484, 522, 523, 1586, 16192, 73, 36661, 14974, 281, 3756, 7296, 72, 642, 386, 4465, 21589, 18, 8, 244, 16192, 32993, 262, 28658, 42118, 3119, 16192, 5408, 20121, 19, 8, 185, 7, 16, 8, 42984, 1043, 430, 67, 7049, 5609, 24320, 70, 454, 1923, 91948, 13, 185, 7, 17, 8, 42984, 1043, 430, 67, 7049, 353, 2008, 75, 24320, 31559, 24320, 31423, 804, 1923, 14377, 7341, 126, 120, 281, 13, 185, 7, 18, 8, 42984, 1043, 430, 67, 7049, 353, 2008, 75, 24320, 31559, 24320, 31423, 804, 1923, 14377, 7341, 126, 120, 281, 13, 185, 7, 19, 8, 87710, 1269, 5068, 16192, 1361, 804, 1923, 14377, 330, 81788, 13, 100015, 100015, 100001, 100001, 100001, 100001, 100001, 100001, 100001, 100001, 100001, 100001, 100001, 100001, 100001, 100001, 100001, 100001, 100001, 100001, 100001, 100001, 100001, 100001, 100001, 100001, 100001, 100001, 100001, 100001, 100001, 100001, 100001, 100001, 100001, 100001, 100001, 100001, 100001, 100001, 100001, 100001, 100001, 100001, 100001, 100001, 100001, 100001, 100001, 100001, 100001, 100001, 100001, 100001, 100001, 100001, 100001, 100001, 100001, 100001, 100001]
Labels:  [100000, 22043, 292, 302, 475, 93486, 4241, 45184, 7296, 84, 882, 355, 281, 1195, 90882, 1445, 36919, 405, 30912, 559, 8280, 2925, 377, 11531, 11, 20877, 104, 4873, 43506, 2951, 19505, 294, 69953, 7846, 265, 4001, 332, 89, 24320, 5500, 718, 11487, 73, 91948, 14090, 1708, 16192, 804, 74, 292, 16192, 13, 185, 34, 62340, 25701, 93536, 32993, 126, 115, 4001, 244, 1923, 5697, 16192, 7542, 45890, 21589, 16, 8, 38146, 3245, 127, 215, 7296, 1676, 79, 16192, 81, 4942, 21589, 17, 8, 405, 28658, 994, 3484, 522, 523, 1586, 16192, 73, 36661, 14974, 281, 3756, 7296, 72, 642, 386, 4465, 21589, 18, 8, 244, 16192, 32993, 262, 28658, 42118, 3119, 16192, 5408, 20121, 19, 8, 185, 7, 16, 8, 42984, 1043, 430, 67, 7049, 5609, 24320, 70, 454, 1923, 91948, 13, 185, 7, 17, 8, 42984, 1043, 430, 67, 7049, 353, 2008, 75, 24320, 31559, 24320, 31423, 804, 1923, 14377, 7341, 126, 120, 281, 13, 185, 7, 18, 8, 42984, 1043, 430, 67, 7049, 353, 2008, 75, 24320, 31559, 24320, 31423, 804, 1923, 14377, 7341, 126, 120, 281, 13, 185, 7, 19, 8, 87710, 1269, 5068, 16192, 1361, 804, 1923, 14377, 330, 81788, 13, 100015, 100015, -100, -100, -100, -100, -100, -100, -100, -100, -100, -100, -100, -100, -100, -100, -100, -100, -100, -100, -100, -100, -100, -100, -100, -100, -100, -100, -100, -100, -100, -100, -100, -100, -100, -100, -100, -100, -100, -100, -100, -100, -100, -100, -100, -100, -100, -100, -100, -100, -100, -100, -100, -100, -100, -100, -100, -100, -100, -100, -100]
Valid Label Tokens:  [100000, 22043, 292, 302, 475, 93486, 4241, 45184, 7296, 84, 882, 355, 281, 1195, 90882, 1445, 36919, 405, 30912, 559, 8280, 2925, 377, 11531, 11, 20877, 104, 4873, 43506, 2951, 19505, 294, 69953, 7846, 265, 4001, 332, 89, 24320, 5500, 718, 11487, 73, 91948, 14090, 1708, 16192, 804, 74, 292, 16192, 13, 185, 34, 62340, 25701, 93536, 32993, 126, 115, 4001, 244, 1923, 5697, 16192, 7542, 45890, 21589, 16, 8, 38146, 3245, 127, 215, 7296, 1676, 79, 16192, 81, 4942, 21589, 17, 8, 405, 28658, 994, 3484, 522, 523, 1586, 16192, 73, 36661, 14974, 281, 3756, 7296, 72, 642, 386, 4465, 21589, 18, 8, 244, 16192, 32993, 262, 28658, 42118, 3119, 16192, 5408, 20121, 19, 8, 185, 7, 16, 8, 42984, 1043, 430, 67, 7049, 5609, 24320, 70, 454, 1923, 91948, 13, 185, 7, 17, 8, 42984, 1043, 430, 67, 7049, 353, 2008, 75, 24320, 31559, 24320, 31423, 804, 1923, 14377, 7341, 126, 120, 281, 13, 185, 7, 18, 8, 42984, 1043, 430, 67, 7049, 353, 2008, 75, 24320, 31559, 24320, 31423, 804, 1923, 14377, 7341, 126, 120, 281, 13, 185, 7, 19, 8, 87710, 1269, 5068, 16192, 1361, 804, 1923, 14377, 330, 81788, 13, 100015, 100015]
100015
<|endoftext|>
{'loss': 4.0103, 'grad_norm': 1.5625430345535278, 'learning_rate': 1.9487179487179488e-05, 'epoch': 0.08}
{'loss': 3.2357, 'grad_norm': 1.2028210163116455, 'learning_rate': 1.8952991452991453e-05, 'epoch': 0.16}
{'loss': 2.581, 'grad_norm': 1.2161747217178345, 'learning_rate': 1.841880341880342e-05, 'epoch': 0.24}
{'loss': 2.0148, 'grad_norm': 0.9743239283561707, 'learning_rate': 1.7884615384615387e-05, 'epoch': 0.32}
{'loss': 1.6092, 'grad_norm': 1.0371677875518799, 'learning_rate': 1.7350427350427352e-05, 'epoch': 0.4}
{'loss': 1.4158, 'grad_norm': 0.9310882091522217, 'learning_rate': 1.6816239316239317e-05, 'epoch': 0.48}
{'loss': 1.3117, 'grad_norm': 1.1515222787857056, 'learning_rate': 1.6282051282051282e-05, 'epoch': 0.56}
{'loss': 1.2574, 'grad_norm': 0.9331011176109314, 'learning_rate': 1.5747863247863247e-05, 'epoch': 0.64}
{'loss': 1.1911, 'grad_norm': 0.8080490231513977, 'learning_rate': 1.5213675213675214e-05, 'epoch': 0.72}
{'loss': 1.1563, 'grad_norm': 0.8005121350288391, 'learning_rate': 1.467948717948718e-05, 'epoch': 0.8}
{'loss': 1.1529, 'grad_norm': 1.0306875705718994, 'learning_rate': 1.4145299145299148e-05, 'epoch': 0.88}
{'loss': 1.1414, 'grad_norm': 0.9619142413139343, 'learning_rate': 1.3611111111111113e-05, 'epoch': 0.96}
{'eval_loss': 1.102473497390747, 'eval_runtime': 11.5521, 'eval_samples_per_second': 25.969, 'eval_steps_per_second': 12.985, 'epoch': 1.0}
{'loss': 1.1259, 'grad_norm': 0.853143572807312, 'learning_rate': 1.3076923076923078e-05, 'epoch': 1.04}
{'loss': 1.106, 'grad_norm': 0.9081701636314392, 'learning_rate': 1.2542735042735043e-05, 'epoch': 1.12}
{'loss': 1.0776, 'grad_norm': 0.9957584738731384, 'learning_rate': 1.2008547008547009e-05, 'epoch': 1.2}
{'loss': 1.0649, 'grad_norm': 1.02651846408844, 'learning_rate': 1.1474358974358974e-05, 'epoch': 1.28}
{'loss': 1.0639, 'grad_norm': 1.002423644065857, 'learning_rate': 1.0940170940170942e-05, 'epoch': 1.36}
{'loss': 1.0859, 'grad_norm': 1.0031932592391968, 'learning_rate': 1.0405982905982907e-05, 'epoch': 1.44}
{'loss': 1.0007, 'grad_norm': 0.9367521405220032, 'learning_rate': 9.871794871794872e-06, 'epoch': 1.52}
{'loss': 1.0564, 'grad_norm': 0.7703444361686707, 'learning_rate': 9.33760683760684e-06, 'epoch': 1.6}
{'loss': 1.0275, 'grad_norm': 0.8402575254440308, 'learning_rate': 8.803418803418804e-06, 'epoch': 1.68}
{'loss': 1.0344, 'grad_norm': 0.9198957085609436, 'learning_rate': 8.26923076923077e-06, 'epoch': 1.76}
{'loss': 1.0774, 'grad_norm': 0.9483590722084045, 'learning_rate': 7.735042735042736e-06, 'epoch': 1.84}
{'loss': 1.0436, 'grad_norm': 0.9031503796577454, 'learning_rate': 7.2008547008547015e-06, 'epoch': 1.92}
{'loss': 1.0306, 'grad_norm': 1.1127926111221313, 'learning_rate': 6.666666666666667e-06, 'epoch': 2.0}
{'eval_loss': 1.0275462865829468, 'eval_runtime': 11.5525, 'eval_samples_per_second': 25.969, 'eval_steps_per_second': 12.984, 'epoch': 2.0}
{'loss': 1.0412, 'grad_norm': 0.8741741180419922, 'learning_rate': 6.1324786324786335e-06, 'epoch': 2.08}
{'loss': 1.006, 'grad_norm': 0.8607947826385498, 'learning_rate': 5.598290598290599e-06, 'epoch': 2.16}
{'loss': 1.0001, 'grad_norm': 0.9431741237640381, 'learning_rate': 5.064102564102565e-06, 'epoch': 2.24}
{'loss': 1.0473, 'grad_norm': 1.1743659973144531, 'learning_rate': 4.5299145299145306e-06, 'epoch': 2.32}
{'loss': 1.0011, 'grad_norm': 0.8650379776954651, 'learning_rate': 3.9957264957264966e-06, 'epoch': 2.4}
{'loss': 1.0591, 'grad_norm': 1.0664260387420654, 'learning_rate': 3.4615384615384617e-06, 'epoch': 2.48}
{'loss': 1.0334, 'grad_norm': 0.8408607244491577, 'learning_rate': 2.9273504273504277e-06, 'epoch': 2.56}
{'loss': 1.0592, 'grad_norm': 1.074432611465454, 'learning_rate': 2.3931623931623937e-06, 'epoch': 2.64}
{'loss': 0.9962, 'grad_norm': 0.9370987415313721, 'learning_rate': 1.8589743589743592e-06, 'epoch': 2.72}
{'loss': 1.0233, 'grad_norm': 0.9515638947486877, 'learning_rate': 1.324786324786325e-06, 'epoch': 2.8}
{'loss': 1.0039, 'grad_norm': 1.1718485355377197, 'learning_rate': 7.905982905982906e-07, 'epoch': 2.88}
{'loss': 0.9837, 'grad_norm': 1.0190961360931396, 'learning_rate': 2.564102564102564e-07, 'epoch': 2.96}
{'eval_loss': 1.0131919384002686, 'eval_runtime': 11.5532, 'eval_samples_per_second': 25.967, 'eval_steps_per_second': 12.983, 'epoch': 2.99}
{'train_runtime': 614.7983, 'train_samples_per_second': 12.199, 'train_steps_per_second': 1.522, 'train_loss': 1.2971997403690958, 'epoch': 2.99}
:) hope it's better now
