TRANSFORMERS_CACHE: /data/transformers_cache
HF_HOME: /data/huggingface
HUGGINGFACE_HUB_CACHE: /data/huggingface/hub
HF_DATASETS_CACHE: /data/hf_datasets_cache
TMPDIR: /data/tmp
Input IDs:  [2, 17449, 540, 557, 695, 14740, 4115, 43767, 81876, 1016, 209764, 939, 42296, 139669, 723, 31940, 82969, 3172, 191386, 236764, 148840, 5399, 6947, 29777, 547, 530, 12189, 4586, 76773, 556, 163211, 4404, 118618, 4315, 31828, 13548, 162041, 69176, 237448, 236761, 107, 236780, 543, 98361, 38121, 8153, 241271, 3862, 29271, 5224, 203999, 21538, 25991, 236770, 236768, 5361, 2518, 145578, 1737, 236758, 45293, 3621, 25991, 236778, 236768, 723, 58507, 7892, 703, 673, 1474, 79334, 9031, 222283, 3306, 32627, 951, 636, 3203, 25991, 236800, 236768, 106150, 8153, 511, 58507, 236751, 3085, 150961, 15889, 236812, 236768, 107, 236769, 236770, 236768, 13877, 2139, 657, 148911, 4857, 237993, 54511, 727, 31828, 236761, 107, 236769, 236778, 236768, 13877, 2139, 657, 148911, 61991, 236752, 237993, 24134, 237993, 18500, 926, 727, 8931, 1776, 240050, 527, 236761, 107, 236769, 236800, 236768, 13877, 2139, 657, 148911, 61991, 236752, 237993, 24134, 237993, 18500, 926, 727, 8931, 1776, 240050, 527, 236761, 107, 236769, 236812, 236768, 57794, 1412, 6271, 197933, 926, 727, 8931, 577, 68395, 236761, 262145, 262145, 0, 0, 0, 0, 0, 0, 0, 0, 0, 0, 0, 0, 0, 0, 0, 0, 0, 0, 0, 0, 0, 0, 0, 0, 0, 0, 0, 0, 0, 0, 0, 0, 0, 0, 0, 0, 0, 0, 0, 0, 0, 0, 0, 0, 0, 0, 0, 0, 0, 0, 0, 0, 0, 0, 0, 0, 0, 0, 0, 0, 0, 0, 0, 0, 0, 0, 0, 0, 0, 0, 0, 0, 0, 0, 0, 0, 0, 0, 0, 0, 0, 0, 0, 0, 0, 0, 0, 0, 0, 0, 0, 0]
Labels:  [2, 17449, 540, 557, 695, 14740, 4115, 43767, 81876, 1016, 209764, 939, 42296, 139669, 723, 31940, 82969, 3172, 191386, 236764, 148840, 5399, 6947, 29777, 547, 530, 12189, 4586, 76773, 556, 163211, 4404, 118618, 4315, 31828, 13548, 162041, 69176, 237448, 236761, 107, 236780, 543, 98361, 38121, 8153, 241271, 3862, 29271, 5224, 203999, 21538, 25991, 236770, 236768, 5361, 2518, 145578, 1737, 236758, 45293, 3621, 25991, 236778, 236768, 723, 58507, 7892, 703, 673, 1474, 79334, 9031, 222283, 3306, 32627, 951, 636, 3203, 25991, 236800, 236768, 106150, 8153, 511, 58507, 236751, 3085, 150961, 15889, 236812, 236768, 107, 236769, 236770, 236768, 13877, 2139, 657, 148911, 4857, 237993, 54511, 727, 31828, 236761, 107, 236769, 236778, 236768, 13877, 2139, 657, 148911, 61991, 236752, 237993, 24134, 237993, 18500, 926, 727, 8931, 1776, 240050, 527, 236761, 107, 236769, 236800, 236768, 13877, 2139, 657, 148911, 61991, 236752, 237993, 24134, 237993, 18500, 926, 727, 8931, 1776, 240050, 527, 236761, 107, 236769, 236812, 236768, 57794, 1412, 6271, 197933, 926, 727, 8931, 577, 68395, 236761, 262145, 262145, -100, -100, -100, -100, -100, -100, -100, -100, -100, -100, -100, -100, -100, -100, -100, -100, -100, -100, -100, -100, -100, -100, -100, -100, -100, -100, -100, -100, -100, -100, -100, -100, -100, -100, -100, -100, -100, -100, -100, -100, -100, -100, -100, -100, -100, -100, -100, -100, -100, -100, -100, -100, -100, -100, -100, -100, -100, -100, -100, -100, -100, -100, -100, -100, -100, -100, -100, -100, -100, -100, -100, -100, -100, -100, -100, -100, -100, -100, -100, -100, -100, -100, -100, -100, -100, -100, -100, -100, -100, -100, -100, -100]
Valid Label Tokens:  [2, 17449, 540, 557, 695, 14740, 4115, 43767, 81876, 1016, 209764, 939, 42296, 139669, 723, 31940, 82969, 3172, 191386, 236764, 148840, 5399, 6947, 29777, 547, 530, 12189, 4586, 76773, 556, 163211, 4404, 118618, 4315, 31828, 13548, 162041, 69176, 237448, 236761, 107, 236780, 543, 98361, 38121, 8153, 241271, 3862, 29271, 5224, 203999, 21538, 25991, 236770, 236768, 5361, 2518, 145578, 1737, 236758, 45293, 3621, 25991, 236778, 236768, 723, 58507, 7892, 703, 673, 1474, 79334, 9031, 222283, 3306, 32627, 951, 636, 3203, 25991, 236800, 236768, 106150, 8153, 511, 58507, 236751, 3085, 150961, 15889, 236812, 236768, 107, 236769, 236770, 236768, 13877, 2139, 657, 148911, 4857, 237993, 54511, 727, 31828, 236761, 107, 236769, 236778, 236768, 13877, 2139, 657, 148911, 61991, 236752, 237993, 24134, 237993, 18500, 926, 727, 8931, 1776, 240050, 527, 236761, 107, 236769, 236800, 236768, 13877, 2139, 657, 148911, 61991, 236752, 237993, 24134, 237993, 18500, 926, 727, 8931, 1776, 240050, 527, 236761, 107, 236769, 236812, 236768, 57794, 1412, 6271, 197933, 926, 727, 8931, 577, 68395, 236761, 262145, 262145]
262145
<|endoftext|>
{'loss': 10.5294, 'grad_norm': 5.888084411621094, 'learning_rate': 1.9615384615384617e-05, 'epoch': 0.08}
{'loss': 7.8494, 'grad_norm': 3.639859437942505, 'learning_rate': 1.921474358974359e-05, 'epoch': 0.16}
{'loss': 6.1152, 'grad_norm': 3.724548101425171, 'learning_rate': 1.8814102564102566e-05, 'epoch': 0.24}
{'loss': 5.0923, 'grad_norm': 3.0531153678894043, 'learning_rate': 1.841346153846154e-05, 'epoch': 0.32}
{'loss': 4.4027, 'grad_norm': 2.3074402809143066, 'learning_rate': 1.8012820512820515e-05, 'epoch': 0.4}
{'loss': 4.2951, 'grad_norm': 3.4222092628479004, 'learning_rate': 1.7612179487179487e-05, 'epoch': 0.48}
{'loss': 4.174, 'grad_norm': 3.328779697418213, 'learning_rate': 1.7211538461538465e-05, 'epoch': 0.56}
{'loss': 4.1365, 'grad_norm': 3.073881149291992, 'learning_rate': 1.6810897435897436e-05, 'epoch': 0.64}
{'loss': 3.9544, 'grad_norm': 3.2623283863067627, 'learning_rate': 1.641025641025641e-05, 'epoch': 0.72}
{'loss': 3.906, 'grad_norm': 3.0283262729644775, 'learning_rate': 1.6009615384615385e-05, 'epoch': 0.8}
{'loss': 3.7616, 'grad_norm': 4.486438751220703, 'learning_rate': 1.560897435897436e-05, 'epoch': 0.88}
{'loss': 3.5565, 'grad_norm': 5.987700462341309, 'learning_rate': 1.5208333333333333e-05, 'epoch': 0.96}
{'eval_loss': 0.8253040909767151, 'eval_runtime': 51.6074, 'eval_samples_per_second': 5.813, 'eval_steps_per_second': 2.907, 'epoch': 1.0}
{'loss': 3.2572, 'grad_norm': 2.941986560821533, 'learning_rate': 1.480769230769231e-05, 'epoch': 1.04}
{'loss': 3.2437, 'grad_norm': 3.645036458969116, 'learning_rate': 1.4407051282051283e-05, 'epoch': 1.12}
{'loss': 3.2328, 'grad_norm': 3.2239363193511963, 'learning_rate': 1.4006410256410257e-05, 'epoch': 1.2}
{'loss': 3.2848, 'grad_norm': 3.338226795196533, 'learning_rate': 1.3605769230769232e-05, 'epoch': 1.28}
{'loss': 3.1336, 'grad_norm': 3.608551025390625, 'learning_rate': 1.3205128205128207e-05, 'epoch': 1.36}
{'loss': 3.2937, 'grad_norm': 4.458726406097412, 'learning_rate': 1.280448717948718e-05, 'epoch': 1.44}
{'loss': 3.0746, 'grad_norm': 3.190991163253784, 'learning_rate': 1.2403846153846156e-05, 'epoch': 1.52}
{'loss': 3.18, 'grad_norm': 3.1915624141693115, 'learning_rate': 1.2003205128205129e-05, 'epoch': 1.6}
{'loss': 3.0853, 'grad_norm': 3.284010887145996, 'learning_rate': 1.1602564102564104e-05, 'epoch': 1.68}
{'loss': 3.0938, 'grad_norm': 3.141021490097046, 'learning_rate': 1.1201923076923078e-05, 'epoch': 1.76}
{'loss': 3.2014, 'grad_norm': 3.378880500793457, 'learning_rate': 1.0801282051282051e-05, 'epoch': 1.84}
{'loss': 3.0777, 'grad_norm': 3.273880958557129, 'learning_rate': 1.0400641025641028e-05, 'epoch': 1.92}
{'loss': 3.0748, 'grad_norm': 4.231476306915283, 'learning_rate': 1e-05, 'epoch': 2.0}
{'eval_loss': 0.7504310011863708, 'eval_runtime': 52.7234, 'eval_samples_per_second': 5.69, 'eval_steps_per_second': 2.845, 'epoch': 2.0}
{'loss': 2.9535, 'grad_norm': 3.1356136798858643, 'learning_rate': 9.599358974358976e-06, 'epoch': 2.08}
{'loss': 2.9759, 'grad_norm': 3.226933240890503, 'learning_rate': 9.198717948717949e-06, 'epoch': 2.16}
{'loss': 2.8971, 'grad_norm': 4.675144672393799, 'learning_rate': 8.798076923076923e-06, 'epoch': 2.24}
{'loss': 3.002, 'grad_norm': 4.433706760406494, 'learning_rate': 8.397435897435898e-06, 'epoch': 2.32}
{'loss': 2.8748, 'grad_norm': 3.9417974948883057, 'learning_rate': 7.996794871794873e-06, 'epoch': 2.4}
{'loss': 3.0293, 'grad_norm': 4.522482872009277, 'learning_rate': 7.5961538461538465e-06, 'epoch': 2.48}
{'loss': 2.949, 'grad_norm': 3.556044816970825, 'learning_rate': 7.195512820512821e-06, 'epoch': 2.56}
{'loss': 3.0062, 'grad_norm': 3.829604148864746, 'learning_rate': 6.794871794871796e-06, 'epoch': 2.64}
{'loss': 2.8924, 'grad_norm': 3.972217559814453, 'learning_rate': 6.394230769230769e-06, 'epoch': 2.72}
{'loss': 3.0028, 'grad_norm': 3.923635244369507, 'learning_rate': 5.9935897435897436e-06, 'epoch': 2.8}
{'loss': 2.9181, 'grad_norm': 7.200253486633301, 'learning_rate': 5.592948717948718e-06, 'epoch': 2.88}
{'loss': 2.7599, 'grad_norm': 3.4495480060577393, 'learning_rate': 5.192307692307693e-06, 'epoch': 2.96}
{'eval_loss': 0.7276949286460876, 'eval_runtime': 52.0161, 'eval_samples_per_second': 5.767, 'eval_steps_per_second': 2.884, 'epoch': 3.0}
{'loss': 2.8386, 'grad_norm': 3.6469593048095703, 'learning_rate': 4.791666666666668e-06, 'epoch': 3.04}
{'loss': 2.9956, 'grad_norm': 4.427624225616455, 'learning_rate': 4.3910256410256415e-06, 'epoch': 3.12}
{'loss': 2.9049, 'grad_norm': 3.544771671295166, 'learning_rate': 3.990384615384616e-06, 'epoch': 3.2}
{'loss': 2.9826, 'grad_norm': 3.63258695602417, 'learning_rate': 3.58974358974359e-06, 'epoch': 3.28}
{'loss': 2.705, 'grad_norm': 3.310098648071289, 'learning_rate': 3.1891025641025643e-06, 'epoch': 3.36}
{'loss': 2.9531, 'grad_norm': 3.354037284851074, 'learning_rate': 2.7884615384615386e-06, 'epoch': 3.44}
{'loss': 2.8168, 'grad_norm': 3.6273248195648193, 'learning_rate': 2.3878205128205133e-06, 'epoch': 3.52}
{'loss': 2.9627, 'grad_norm': 4.296510219573975, 'learning_rate': 1.987179487179487e-06, 'epoch': 3.6}
{'loss': 2.9147, 'grad_norm': 3.493927478790283, 'learning_rate': 1.5865384615384616e-06, 'epoch': 3.68}
{'loss': 2.8902, 'grad_norm': 3.9979875087738037, 'learning_rate': 1.185897435897436e-06, 'epoch': 3.76}
{'loss': 2.8355, 'grad_norm': 3.3346822261810303, 'learning_rate': 7.852564102564103e-07, 'epoch': 3.84}
{'loss': 2.7893, 'grad_norm': 3.754654884338379, 'learning_rate': 3.846153846153847e-07, 'epoch': 3.92}
{'eval_loss': 0.7244989275932312, 'eval_runtime': 51.546, 'eval_samples_per_second': 5.82, 'eval_steps_per_second': 2.91, 'epoch': 3.99}
{'train_runtime': 1801.3497, 'train_samples_per_second': 5.551, 'train_steps_per_second': 0.693, 'train_loss': 3.5168542006076913, 'epoch': 3.99}
:) hope it's better now
