TRANSFORMERS_CACHE: /data/transformers_cache
HF_HOME: /data/huggingface
HUGGINGFACE_HUB_CACHE: /data/huggingface/hub
HF_DATASETS_CACHE: /data/hf_datasets_cache
TMPDIR: /data/tmp
Adding a distinct [PAD] token
Input IDs:  [1, 63084, 1314, 1360, 1564, 12624, 6913, 41793, 57629, 1916, 90982, 1864, 55847, 1099, 26176, 1457, 27563, 8571, 1264, 5144, 1403, 5108, 1044, 128292, 5822, 4961, 12491, 1327, 1291, 13681, 4011, 56204, 52317, 7701, 4320, 50913, 3659, 27786, 15137, 115546, 41140, 4547, 1626, 1067, 1318, 103922, 52701, 6690, 51219, 3293, 48196, 6953, 4547, 7173, 26617, 38059, 1049, 1041, 8614, 3695, 94558, 3171, 1112, 44774, 4589, 38059, 1050, 1041, 1457, 32287, 3636, 1386, 1475, 2482, 89309, 19448, 11720, 1288, 4431, 22636, 1836, 1412, 4888, 38059, 1051, 1041, 102853, 6690, 1275, 32287, 1115, 3740, 96888, 26667, 1052, 1456, 1040, 1049, 1041, 9203, 2476, 1513, 88490, 5796, 7701, 53620, 1552, 27786, 1626, 1040, 1050, 1041, 9203, 2476, 1513, 88490, 45650, 1108, 7701, 17602, 7701, 26829, 1777, 1552, 10128, 2170, 24448, 1288, 1626, 1040, 1051, 1041, 9203, 2476, 1513, 88490, 45650, 1108, 7701, 17602, 7701, 26829, 1777, 1552, 10128, 2170, 24448, 1288, 1626, 1040, 1052, 1041, 25853, 2392, 6685, 4547, 3190, 1777, 1552, 10128, 1402, 44036, 1046, 131072, 131072, 131073, 131073, 131073, 131073, 131073, 131073, 131073, 131073, 131073, 131073, 131073, 131073, 131073, 131073, 131073, 131073, 131073, 131073, 131073, 131073, 131073, 131073, 131073, 131073, 131073, 131073, 131073, 131073, 131073, 131073, 131073, 131073, 131073, 131073, 131073, 131073, 131073, 131073, 131073, 131073, 131073, 131073, 131073, 131073, 131073, 131073, 131073, 131073, 131073, 131073, 131073, 131073, 131073, 131073, 131073, 131073, 131073, 131073, 131073, 131073, 131073, 131073, 131073, 131073, 131073, 131073, 131073, 131073, 131073, 131073, 131073, 131073, 131073, 131073, 131073, 131073, 131073, 131073, 131073, 131073, 131073, 131073, 131073, 131073, 131073, 131073, 131073, 131073, 131073, 131073, 131073]
Labels:  [1, 63084, 1314, 1360, 1564, 12624, 6913, 41793, 57629, 1916, 90982, 1864, 55847, 1099, 26176, 1457, 27563, 8571, 1264, 5144, 1403, 5108, 1044, 128292, 5822, 4961, 12491, 1327, 1291, 13681, 4011, 56204, 52317, 7701, 4320, 50913, 3659, 27786, 15137, 115546, 41140, 4547, 1626, 1067, 1318, 103922, 52701, 6690, 51219, 3293, 48196, 6953, 4547, 7173, 26617, 38059, 1049, 1041, 8614, 3695, 94558, 3171, 1112, 44774, 4589, 38059, 1050, 1041, 1457, 32287, 3636, 1386, 1475, 2482, 89309, 19448, 11720, 1288, 4431, 22636, 1836, 1412, 4888, 38059, 1051, 1041, 102853, 6690, 1275, 32287, 1115, 3740, 96888, 26667, 1052, 1456, 1040, 1049, 1041, 9203, 2476, 1513, 88490, 5796, 7701, 53620, 1552, 27786, 1626, 1040, 1050, 1041, 9203, 2476, 1513, 88490, 45650, 1108, 7701, 17602, 7701, 26829, 1777, 1552, 10128, 2170, 24448, 1288, 1626, 1040, 1051, 1041, 9203, 2476, 1513, 88490, 45650, 1108, 7701, 17602, 7701, 26829, 1777, 1552, 10128, 2170, 24448, 1288, 1626, 1040, 1052, 1041, 25853, 2392, 6685, 4547, 3190, 1777, 1552, 10128, 1402, 44036, 1046, 131072, 131072, -100, -100, -100, -100, -100, -100, -100, -100, -100, -100, -100, -100, -100, -100, -100, -100, -100, -100, -100, -100, -100, -100, -100, -100, -100, -100, -100, -100, -100, -100, -100, -100, -100, -100, -100, -100, -100, -100, -100, -100, -100, -100, -100, -100, -100, -100, -100, -100, -100, -100, -100, -100, -100, -100, -100, -100, -100, -100, -100, -100, -100, -100, -100, -100, -100, -100, -100, -100, -100, -100, -100, -100, -100, -100, -100, -100, -100, -100, -100, -100, -100, -100, -100, -100, -100, -100, -100, -100, -100, -100, -100]
Valid Label Tokens:  [1, 63084, 1314, 1360, 1564, 12624, 6913, 41793, 57629, 1916, 90982, 1864, 55847, 1099, 26176, 1457, 27563, 8571, 1264, 5144, 1403, 5108, 1044, 128292, 5822, 4961, 12491, 1327, 1291, 13681, 4011, 56204, 52317, 7701, 4320, 50913, 3659, 27786, 15137, 115546, 41140, 4547, 1626, 1067, 1318, 103922, 52701, 6690, 51219, 3293, 48196, 6953, 4547, 7173, 26617, 38059, 1049, 1041, 8614, 3695, 94558, 3171, 1112, 44774, 4589, 38059, 1050, 1041, 1457, 32287, 3636, 1386, 1475, 2482, 89309, 19448, 11720, 1288, 4431, 22636, 1836, 1412, 4888, 38059, 1051, 1041, 102853, 6690, 1275, 32287, 1115, 3740, 96888, 26667, 1052, 1456, 1040, 1049, 1041, 9203, 2476, 1513, 88490, 5796, 7701, 53620, 1552, 27786, 1626, 1040, 1050, 1041, 9203, 2476, 1513, 88490, 45650, 1108, 7701, 17602, 7701, 26829, 1777, 1552, 10128, 2170, 24448, 1288, 1626, 1040, 1051, 1041, 9203, 2476, 1513, 88490, 45650, 1108, 7701, 17602, 7701, 26829, 1777, 1552, 10128, 2170, 24448, 1288, 1626, 1040, 1052, 1041, 25853, 2392, 6685, 4547, 3190, 1777, 1552, 10128, 1402, 44036, 1046, 131072, 131072]
131072
<|endoftext|>
{'loss': 2.8409, 'grad_norm': 3.6649811267852783, 'learning_rate': 1.9487179487179488e-05, 'epoch': 0.08}
{'loss': 1.9327, 'grad_norm': 2.5753767490386963, 'learning_rate': 1.8952991452991453e-05, 'epoch': 0.16}
{'loss': 1.4592, 'grad_norm': 2.484767198562622, 'learning_rate': 1.841880341880342e-05, 'epoch': 0.24}
{'loss': 1.3339, 'grad_norm': 2.7527222633361816, 'learning_rate': 1.7884615384615387e-05, 'epoch': 0.32}
{'loss': 1.2251, 'grad_norm': 2.770691394805908, 'learning_rate': 1.7350427350427352e-05, 'epoch': 0.4}
{'loss': 1.2124, 'grad_norm': 2.8184149265289307, 'learning_rate': 1.6816239316239317e-05, 'epoch': 0.48}
{'loss': 1.1923, 'grad_norm': 2.9572856426239014, 'learning_rate': 1.6282051282051282e-05, 'epoch': 0.56}
{'loss': 1.1875, 'grad_norm': 3.3198885917663574, 'learning_rate': 1.5747863247863247e-05, 'epoch': 0.64}
{'loss': 1.1521, 'grad_norm': 2.3340466022491455, 'learning_rate': 1.5213675213675214e-05, 'epoch': 0.72}
{'loss': 1.1315, 'grad_norm': 2.43526554107666, 'learning_rate': 1.467948717948718e-05, 'epoch': 0.8}
{'loss': 1.1151, 'grad_norm': 2.6710970401763916, 'learning_rate': 1.4145299145299148e-05, 'epoch': 0.88}
{'loss': 1.1192, 'grad_norm': 2.7727198600769043, 'learning_rate': 1.3611111111111113e-05, 'epoch': 0.96}
{'eval_loss': 1.0978589057922363, 'eval_runtime': 12.996, 'eval_samples_per_second': 23.084, 'eval_steps_per_second': 11.542, 'epoch': 1.0}
{'loss': 1.1011, 'grad_norm': 2.3954217433929443, 'learning_rate': 1.3076923076923078e-05, 'epoch': 1.04}
{'loss': 1.0755, 'grad_norm': 2.6395254135131836, 'learning_rate': 1.2542735042735043e-05, 'epoch': 1.12}
{'loss': 1.082, 'grad_norm': 2.5988428592681885, 'learning_rate': 1.2008547008547009e-05, 'epoch': 1.2}
{'loss': 1.0864, 'grad_norm': 2.6517271995544434, 'learning_rate': 1.1474358974358974e-05, 'epoch': 1.28}
{'loss': 1.0713, 'grad_norm': 3.2907328605651855, 'learning_rate': 1.0940170940170942e-05, 'epoch': 1.36}
{'loss': 1.1057, 'grad_norm': 3.804884195327759, 'learning_rate': 1.0405982905982907e-05, 'epoch': 1.44}
{'loss': 1.0317, 'grad_norm': 2.6280357837677, 'learning_rate': 9.871794871794872e-06, 'epoch': 1.52}
{'loss': 1.0924, 'grad_norm': 3.9226343631744385, 'learning_rate': 9.33760683760684e-06, 'epoch': 1.6}
{'loss': 1.0701, 'grad_norm': 2.5239460468292236, 'learning_rate': 8.803418803418804e-06, 'epoch': 1.68}
{'loss': 1.0746, 'grad_norm': 2.5341222286224365, 'learning_rate': 8.26923076923077e-06, 'epoch': 1.76}
{'loss': 1.1105, 'grad_norm': 2.9030306339263916, 'learning_rate': 7.735042735042736e-06, 'epoch': 1.84}
{'loss': 1.079, 'grad_norm': 2.5846004486083984, 'learning_rate': 7.2008547008547015e-06, 'epoch': 1.92}
{'loss': 1.0795, 'grad_norm': 3.1861965656280518, 'learning_rate': 6.666666666666667e-06, 'epoch': 2.0}
{'eval_loss': 1.076755166053772, 'eval_runtime': 12.9972, 'eval_samples_per_second': 23.082, 'eval_steps_per_second': 11.541, 'epoch': 2.0}
{'loss': 1.0751, 'grad_norm': 2.698659658432007, 'learning_rate': 6.1324786324786335e-06, 'epoch': 2.08}
{'loss': 1.0683, 'grad_norm': 2.3755297660827637, 'learning_rate': 5.598290598290599e-06, 'epoch': 2.16}
{'loss': 1.0399, 'grad_norm': 2.9369161128997803, 'learning_rate': 5.064102564102565e-06, 'epoch': 2.24}
{'loss': 1.0712, 'grad_norm': 2.914545774459839, 'learning_rate': 4.5299145299145306e-06, 'epoch': 2.32}
{'loss': 1.0513, 'grad_norm': 2.475048065185547, 'learning_rate': 3.9957264957264966e-06, 'epoch': 2.4}
{'loss': 1.0824, 'grad_norm': 2.744744300842285, 'learning_rate': 3.4615384615384617e-06, 'epoch': 2.48}
{'loss': 1.0614, 'grad_norm': 2.3530445098876953, 'learning_rate': 2.9273504273504277e-06, 'epoch': 2.56}
{'loss': 1.0887, 'grad_norm': 2.975525379180908, 'learning_rate': 2.3931623931623937e-06, 'epoch': 2.64}
{'loss': 1.0488, 'grad_norm': 3.5151259899139404, 'learning_rate': 1.8589743589743592e-06, 'epoch': 2.72}
{'loss': 1.0825, 'grad_norm': 3.1683156490325928, 'learning_rate': 1.324786324786325e-06, 'epoch': 2.8}
{'loss': 1.0489, 'grad_norm': 3.5451159477233887, 'learning_rate': 7.905982905982906e-07, 'epoch': 2.88}
{'loss': 1.0174, 'grad_norm': 2.7712478637695312, 'learning_rate': 2.564102564102564e-07, 'epoch': 2.96}
{'eval_loss': 1.0719852447509766, 'eval_runtime': 12.9952, 'eval_samples_per_second': 23.085, 'eval_steps_per_second': 11.543, 'epoch': 2.99}
{'train_runtime': 701.0182, 'train_samples_per_second': 10.699, 'train_steps_per_second': 1.335, 'train_loss': 1.1793558760585947, 'epoch': 2.99}
:) hope it's better now
