TRANSFORMERS_CACHE: /data/transformers_cache
HF_HOME: /data/huggingface
HUGGINGFACE_HUB_CACHE: /data/huggingface/hub
HF_DATASETS_CACHE: /data/hf_datasets_cache
TMPDIR: /data/tmp
Input IDs:  [100000, 22043, 292, 302, 475, 93486, 4241, 45184, 7296, 84, 882, 355, 281, 1195, 90882, 1445, 36919, 405, 30912, 559, 8280, 2925, 377, 11531, 11, 20877, 104, 4873, 43506, 2951, 19505, 294, 69953, 7846, 265, 4001, 332, 89, 24320, 5500, 718, 11487, 73, 91948, 14090, 1708, 16192, 804, 74, 292, 16192, 13, 185, 34, 62340, 25701, 93536, 32993, 126, 115, 4001, 244, 1923, 5697, 16192, 7542, 45890, 21589, 16, 8, 38146, 3245, 127, 215, 7296, 1676, 79, 16192, 81, 4942, 21589, 17, 8, 405, 28658, 994, 3484, 522, 523, 1586, 16192, 73, 36661, 14974, 281, 3756, 7296, 72, 642, 386, 4465, 21589, 18, 8, 244, 16192, 32993, 262, 28658, 42118, 3119, 16192, 5408, 20121, 19, 8, 185, 7, 16, 8, 42984, 1043, 430, 67, 7049, 5609, 24320, 70, 454, 1923, 91948, 13, 185, 7, 17, 8, 42984, 1043, 430, 67, 7049, 353, 2008, 75, 24320, 31559, 24320, 31423, 804, 1923, 14377, 7341, 126, 120, 281, 13, 185, 7, 18, 8, 42984, 1043, 430, 67, 7049, 353, 2008, 75, 24320, 31559, 24320, 31423, 804, 1923, 14377, 7341, 126, 120, 281, 13, 185, 7, 19, 8, 87710, 1269, 5068, 16192, 1361, 804, 1923, 14377, 330, 81788, 13, 100015, 100015, 100001, 100001, 100001, 100001, 100001, 100001, 100001, 100001, 100001, 100001, 100001, 100001, 100001, 100001, 100001, 100001, 100001, 100001, 100001, 100001, 100001, 100001, 100001, 100001, 100001, 100001, 100001, 100001, 100001, 100001, 100001, 100001, 100001, 100001, 100001, 100001, 100001, 100001, 100001, 100001, 100001, 100001, 100001, 100001, 100001, 100001, 100001, 100001, 100001, 100001, 100001, 100001, 100001, 100001, 100001, 100001, 100001, 100001, 100001]
Labels:  [100000, 22043, 292, 302, 475, 93486, 4241, 45184, 7296, 84, 882, 355, 281, 1195, 90882, 1445, 36919, 405, 30912, 559, 8280, 2925, 377, 11531, 11, 20877, 104, 4873, 43506, 2951, 19505, 294, 69953, 7846, 265, 4001, 332, 89, 24320, 5500, 718, 11487, 73, 91948, 14090, 1708, 16192, 804, 74, 292, 16192, 13, 185, 34, 62340, 25701, 93536, 32993, 126, 115, 4001, 244, 1923, 5697, 16192, 7542, 45890, 21589, 16, 8, 38146, 3245, 127, 215, 7296, 1676, 79, 16192, 81, 4942, 21589, 17, 8, 405, 28658, 994, 3484, 522, 523, 1586, 16192, 73, 36661, 14974, 281, 3756, 7296, 72, 642, 386, 4465, 21589, 18, 8, 244, 16192, 32993, 262, 28658, 42118, 3119, 16192, 5408, 20121, 19, 8, 185, 7, 16, 8, 42984, 1043, 430, 67, 7049, 5609, 24320, 70, 454, 1923, 91948, 13, 185, 7, 17, 8, 42984, 1043, 430, 67, 7049, 353, 2008, 75, 24320, 31559, 24320, 31423, 804, 1923, 14377, 7341, 126, 120, 281, 13, 185, 7, 18, 8, 42984, 1043, 430, 67, 7049, 353, 2008, 75, 24320, 31559, 24320, 31423, 804, 1923, 14377, 7341, 126, 120, 281, 13, 185, 7, 19, 8, 87710, 1269, 5068, 16192, 1361, 804, 1923, 14377, 330, 81788, 13, 100015, 100015, -100, -100, -100, -100, -100, -100, -100, -100, -100, -100, -100, -100, -100, -100, -100, -100, -100, -100, -100, -100, -100, -100, -100, -100, -100, -100, -100, -100, -100, -100, -100, -100, -100, -100, -100, -100, -100, -100, -100, -100, -100, -100, -100, -100, -100, -100, -100, -100, -100, -100, -100, -100, -100, -100, -100, -100, -100, -100, -100]
Valid Label Tokens:  [100000, 22043, 292, 302, 475, 93486, 4241, 45184, 7296, 84, 882, 355, 281, 1195, 90882, 1445, 36919, 405, 30912, 559, 8280, 2925, 377, 11531, 11, 20877, 104, 4873, 43506, 2951, 19505, 294, 69953, 7846, 265, 4001, 332, 89, 24320, 5500, 718, 11487, 73, 91948, 14090, 1708, 16192, 804, 74, 292, 16192, 13, 185, 34, 62340, 25701, 93536, 32993, 126, 115, 4001, 244, 1923, 5697, 16192, 7542, 45890, 21589, 16, 8, 38146, 3245, 127, 215, 7296, 1676, 79, 16192, 81, 4942, 21589, 17, 8, 405, 28658, 994, 3484, 522, 523, 1586, 16192, 73, 36661, 14974, 281, 3756, 7296, 72, 642, 386, 4465, 21589, 18, 8, 244, 16192, 32993, 262, 28658, 42118, 3119, 16192, 5408, 20121, 19, 8, 185, 7, 16, 8, 42984, 1043, 430, 67, 7049, 5609, 24320, 70, 454, 1923, 91948, 13, 185, 7, 17, 8, 42984, 1043, 430, 67, 7049, 353, 2008, 75, 24320, 31559, 24320, 31423, 804, 1923, 14377, 7341, 126, 120, 281, 13, 185, 7, 18, 8, 42984, 1043, 430, 67, 7049, 353, 2008, 75, 24320, 31559, 24320, 31423, 804, 1923, 14377, 7341, 126, 120, 281, 13, 185, 7, 19, 8, 87710, 1269, 5068, 16192, 1361, 804, 1923, 14377, 330, 81788, 13, 100015, 100015]
100015
<|endoftext|>
{'loss': 4.0114, 'grad_norm': 1.5153590440750122, 'learning_rate': 1.9615384615384617e-05, 'epoch': 0.08}
{'loss': 3.2344, 'grad_norm': 1.1863969564437866, 'learning_rate': 1.921474358974359e-05, 'epoch': 0.16}
{'loss': 2.5703, 'grad_norm': 1.2107374668121338, 'learning_rate': 1.8814102564102566e-05, 'epoch': 0.24}
{'loss': 1.9995, 'grad_norm': 0.973126232624054, 'learning_rate': 1.841346153846154e-05, 'epoch': 0.32}
{'loss': 1.5993, 'grad_norm': 0.996283769607544, 'learning_rate': 1.8012820512820515e-05, 'epoch': 0.4}
{'loss': 1.4071, 'grad_norm': 0.9828720092773438, 'learning_rate': 1.7612179487179487e-05, 'epoch': 0.48}
{'loss': 1.3036, 'grad_norm': 1.1397054195404053, 'learning_rate': 1.7211538461538465e-05, 'epoch': 0.56}
{'loss': 1.2511, 'grad_norm': 0.9181416630744934, 'learning_rate': 1.6810897435897436e-05, 'epoch': 0.64}
{'loss': 1.1864, 'grad_norm': 0.7936810255050659, 'learning_rate': 1.641025641025641e-05, 'epoch': 0.72}
{'loss': 1.1519, 'grad_norm': 0.7455750703811646, 'learning_rate': 1.6009615384615385e-05, 'epoch': 0.8}
{'loss': 1.1484, 'grad_norm': 0.9730242490768433, 'learning_rate': 1.560897435897436e-05, 'epoch': 0.88}
{'loss': 1.1366, 'grad_norm': 0.9375503063201904, 'learning_rate': 1.5208333333333333e-05, 'epoch': 0.96}
{'eval_loss': 1.0969352722167969, 'eval_runtime': 11.5485, 'eval_samples_per_second': 25.977, 'eval_steps_per_second': 12.989, 'epoch': 1.0}
{'loss': 1.1215, 'grad_norm': 0.8720411062240601, 'learning_rate': 1.480769230769231e-05, 'epoch': 1.04}
{'loss': 1.101, 'grad_norm': 0.8951702117919922, 'learning_rate': 1.4407051282051283e-05, 'epoch': 1.12}
{'loss': 1.0715, 'grad_norm': 0.982001781463623, 'learning_rate': 1.4006410256410257e-05, 'epoch': 1.2}
{'loss': 1.0593, 'grad_norm': 0.9264150857925415, 'learning_rate': 1.3605769230769232e-05, 'epoch': 1.28}
{'loss': 1.0575, 'grad_norm': 0.9496240019798279, 'learning_rate': 1.3205128205128207e-05, 'epoch': 1.36}
{'loss': 1.0795, 'grad_norm': 0.972312867641449, 'learning_rate': 1.280448717948718e-05, 'epoch': 1.44}
{'loss': 0.9944, 'grad_norm': 0.9103162884712219, 'learning_rate': 1.2403846153846156e-05, 'epoch': 1.52}
{'loss': 1.0482, 'grad_norm': 0.7914391756057739, 'learning_rate': 1.2003205128205129e-05, 'epoch': 1.6}
{'loss': 1.0197, 'grad_norm': 0.8460984826087952, 'learning_rate': 1.1602564102564104e-05, 'epoch': 1.68}
{'loss': 1.0261, 'grad_norm': 0.8658004403114319, 'learning_rate': 1.1201923076923078e-05, 'epoch': 1.76}
{'loss': 1.0677, 'grad_norm': 0.9590060710906982, 'learning_rate': 1.0801282051282051e-05, 'epoch': 1.84}
{'loss': 1.0339, 'grad_norm': 0.8422859907150269, 'learning_rate': 1.0400641025641028e-05, 'epoch': 1.92}
{'loss': 1.02, 'grad_norm': 1.0836280584335327, 'learning_rate': 1e-05, 'epoch': 2.0}
{'eval_loss': 1.0164952278137207, 'eval_runtime': 11.5515, 'eval_samples_per_second': 25.971, 'eval_steps_per_second': 12.985, 'epoch': 2.0}
{'loss': 1.0312, 'grad_norm': 0.901226282119751, 'learning_rate': 9.599358974358976e-06, 'epoch': 2.08}
{'loss': 0.9946, 'grad_norm': 0.8682810664176941, 'learning_rate': 9.198717948717949e-06, 'epoch': 2.16}
{'loss': 0.988, 'grad_norm': 1.0009936094284058, 'learning_rate': 8.798076923076923e-06, 'epoch': 2.24}
{'loss': 1.0355, 'grad_norm': 1.0860223770141602, 'learning_rate': 8.397435897435898e-06, 'epoch': 2.32}
{'loss': 0.9873, 'grad_norm': 0.7924119234085083, 'learning_rate': 7.996794871794873e-06, 'epoch': 2.4}
{'loss': 1.045, 'grad_norm': 0.9648255109786987, 'learning_rate': 7.5961538461538465e-06, 'epoch': 2.48}
{'loss': 1.0177, 'grad_norm': 0.8364884257316589, 'learning_rate': 7.195512820512821e-06, 'epoch': 2.56}
{'loss': 1.044, 'grad_norm': 1.0061460733413696, 'learning_rate': 6.794871794871796e-06, 'epoch': 2.64}
{'loss': 0.9803, 'grad_norm': 0.9038345813751221, 'learning_rate': 6.394230769230769e-06, 'epoch': 2.72}
{'loss': 1.008, 'grad_norm': 0.8557931780815125, 'learning_rate': 5.9935897435897436e-06, 'epoch': 2.8}
{'loss': 0.9862, 'grad_norm': 1.3319636583328247, 'learning_rate': 5.592948717948718e-06, 'epoch': 2.88}
{'loss': 0.9651, 'grad_norm': 0.9899551272392273, 'learning_rate': 5.192307692307693e-06, 'epoch': 2.96}
{'eval_loss': 0.9934778809547424, 'eval_runtime': 11.5523, 'eval_samples_per_second': 25.969, 'eval_steps_per_second': 12.984, 'epoch': 3.0}
{'loss': 0.991, 'grad_norm': 1.0751885175704956, 'learning_rate': 4.791666666666668e-06, 'epoch': 3.04}
{'loss': 1.0369, 'grad_norm': 0.955612301826477, 'learning_rate': 4.3910256410256415e-06, 'epoch': 3.12}
{'loss': 1.0189, 'grad_norm': 0.9844284653663635, 'learning_rate': 3.990384615384616e-06, 'epoch': 3.2}
{'loss': 1.0102, 'grad_norm': 0.9923848509788513, 'learning_rate': 3.58974358974359e-06, 'epoch': 3.28}
{'loss': 0.9313, 'grad_norm': 0.8495122790336609, 'learning_rate': 3.1891025641025643e-06, 'epoch': 3.36}
{'loss': 1.0048, 'grad_norm': 0.9134584665298462, 'learning_rate': 2.7884615384615386e-06, 'epoch': 3.44}
{'loss': 0.9695, 'grad_norm': 0.8517149686813354, 'learning_rate': 2.3878205128205133e-06, 'epoch': 3.52}
{'loss': 1.0216, 'grad_norm': 0.9344612956047058, 'learning_rate': 1.987179487179487e-06, 'epoch': 3.6}
{'loss': 0.9946, 'grad_norm': 1.001672387123108, 'learning_rate': 1.5865384615384616e-06, 'epoch': 3.68}
{'loss': 0.9646, 'grad_norm': 1.1084784269332886, 'learning_rate': 1.185897435897436e-06, 'epoch': 3.76}
{'loss': 0.9581, 'grad_norm': 0.9241554141044617, 'learning_rate': 7.852564102564103e-07, 'epoch': 3.84}
{'loss': 0.9681, 'grad_norm': 1.036624550819397, 'learning_rate': 3.846153846153847e-07, 'epoch': 3.92}
{'eval_loss': 0.9868244528770447, 'eval_runtime': 11.5476, 'eval_samples_per_second': 25.979, 'eval_steps_per_second': 12.99, 'epoch': 3.99}
{'train_runtime': 837.5467, 'train_samples_per_second': 11.94, 'train_steps_per_second': 1.49, 'train_loss': 1.2128317722907433, 'epoch': 3.99}
:) hope it's better now
