TRANSFORMERS_CACHE: /data/transformers_cache
HF_HOME: /data/huggingface
HUGGINGFACE_HUB_CACHE: /data/huggingface/hub
HF_DATASETS_CACHE: /data/hf_datasets_cache
TMPDIR: /data/tmp
Adding a distinct [PAD] token
Input IDs:  [37889, 267, 354, 550, 44476, 6844, 63419, 11645, 84, 1044, 347, 300, 47271, 3122, 66, 3172, 300, 650, 42229, 585, 9275, 3130, 24336, 336, 11, 9843, 104, 6321, 22137, 4886, 3779, 299, 44256, 12784, 281, 3891, 324, 89, 60611, 8828, 898, 11023, 73, 83209, 12756, 1630, 30657, 72578, 30657, 624, 34, 321, 85, 77983, 74, 309, 36424, 145767, 3891, 86172, 11179, 30657, 8579, 51214, 12950, 16, 8, 16502, 3275, 145910, 11645, 2098, 79, 30657, 81, 6216, 12950, 17, 8, 650, 1461, 436, 1055, 3187, 645, 502, 2717, 30657, 73, 24336, 20589, 300, 7106, 11645, 72, 902, 511, 2682, 12950, 18, 8, 259, 30657, 36424, 285, 1461, 436, 36081, 4719, 30657, 5580, 12832, 19, 340, 7, 16, 8, 26692, 1862, 518, 67, 6053, 10854, 60611, 55067, 1579, 83209, 624, 7, 17, 8, 26692, 1862, 518, 67, 6053, 3275, 268, 75, 60611, 37877, 60611, 39525, 1013, 1579, 13416, 2994, 145909, 300, 624, 7, 18, 8, 26692, 1862, 518, 67, 6053, 3275, 268, 75, 60611, 37877, 60611, 39525, 1013, 1579, 13416, 2994, 145909, 300, 624, 7, 19, 8, 51333, 2576, 6329, 30657, 3235, 1013, 1579, 13416, 387, 343, 300, 13, 151643, 151643, 151665, 151665, 151665, 151665, 151665, 151665, 151665, 151665, 151665, 151665, 151665, 151665, 151665, 151665, 151665, 151665, 151665, 151665, 151665, 151665, 151665, 151665, 151665, 151665, 151665, 151665, 151665, 151665, 151665, 151665, 151665, 151665, 151665, 151665, 151665, 151665, 151665, 151665, 151665, 151665, 151665, 151665, 151665, 151665, 151665, 151665, 151665, 151665, 151665, 151665, 151665, 151665, 151665, 151665, 151665, 151665, 151665, 151665, 151665, 151665, 151665, 151665, 151665, 151665, 151665, 151665, 151665]
Labels:  [37889, 267, 354, 550, 44476, 6844, 63419, 11645, 84, 1044, 347, 300, 47271, 3122, 66, 3172, 300, 650, 42229, 585, 9275, 3130, 24336, 336, 11, 9843, 104, 6321, 22137, 4886, 3779, 299, 44256, 12784, 281, 3891, 324, 89, 60611, 8828, 898, 11023, 73, 83209, 12756, 1630, 30657, 72578, 30657, 624, 34, 321, 85, 77983, 74, 309, 36424, 145767, 3891, 86172, 11179, 30657, 8579, 51214, 12950, 16, 8, 16502, 3275, 145910, 11645, 2098, 79, 30657, 81, 6216, 12950, 17, 8, 650, 1461, 436, 1055, 3187, 645, 502, 2717, 30657, 73, 24336, 20589, 300, 7106, 11645, 72, 902, 511, 2682, 12950, 18, 8, 259, 30657, 36424, 285, 1461, 436, 36081, 4719, 30657, 5580, 12832, 19, 340, 7, 16, 8, 26692, 1862, 518, 67, 6053, 10854, 60611, 55067, 1579, 83209, 624, 7, 17, 8, 26692, 1862, 518, 67, 6053, 3275, 268, 75, 60611, 37877, 60611, 39525, 1013, 1579, 13416, 2994, 145909, 300, 624, 7, 18, 8, 26692, 1862, 518, 67, 6053, 3275, 268, 75, 60611, 37877, 60611, 39525, 1013, 1579, 13416, 2994, 145909, 300, 624, 7, 19, 8, 51333, 2576, 6329, 30657, 3235, 1013, 1579, 13416, 387, 343, 300, 13, 151643, 151643, -100, -100, -100, -100, -100, -100, -100, -100, -100, -100, -100, -100, -100, -100, -100, -100, -100, -100, -100, -100, -100, -100, -100, -100, -100, -100, -100, -100, -100, -100, -100, -100, -100, -100, -100, -100, -100, -100, -100, -100, -100, -100, -100, -100, -100, -100, -100, -100, -100, -100, -100, -100, -100, -100, -100, -100, -100, -100, -100, -100, -100, -100, -100, -100, -100, -100, -100]
Valid Label Tokens:  [37889, 267, 354, 550, 44476, 6844, 63419, 11645, 84, 1044, 347, 300, 47271, 3122, 66, 3172, 300, 650, 42229, 585, 9275, 3130, 24336, 336, 11, 9843, 104, 6321, 22137, 4886, 3779, 299, 44256, 12784, 281, 3891, 324, 89, 60611, 8828, 898, 11023, 73, 83209, 12756, 1630, 30657, 72578, 30657, 624, 34, 321, 85, 77983, 74, 309, 36424, 145767, 3891, 86172, 11179, 30657, 8579, 51214, 12950, 16, 8, 16502, 3275, 145910, 11645, 2098, 79, 30657, 81, 6216, 12950, 17, 8, 650, 1461, 436, 1055, 3187, 645, 502, 2717, 30657, 73, 24336, 20589, 300, 7106, 11645, 72, 902, 511, 2682, 12950, 18, 8, 259, 30657, 36424, 285, 1461, 436, 36081, 4719, 30657, 5580, 12832, 19, 340, 7, 16, 8, 26692, 1862, 518, 67, 6053, 10854, 60611, 55067, 1579, 83209, 624, 7, 17, 8, 26692, 1862, 518, 67, 6053, 3275, 268, 75, 60611, 37877, 60611, 39525, 1013, 1579, 13416, 2994, 145909, 300, 624, 7, 18, 8, 26692, 1862, 518, 67, 6053, 3275, 268, 75, 60611, 37877, 60611, 39525, 1013, 1579, 13416, 2994, 145909, 300, 624, 7, 19, 8, 51333, 2576, 6329, 30657, 3235, 1013, 1579, 13416, 387, 343, 300, 13, 151643, 151643]
151643
<|endoftext|>
{'loss': 3.1623, 'grad_norm': 1.7839956283569336, 'learning_rate': 1.9615384615384617e-05, 'epoch': 0.08}
{'loss': 2.6825, 'grad_norm': 1.4265506267547607, 'learning_rate': 1.921474358974359e-05, 'epoch': 0.16}
{'loss': 2.3138, 'grad_norm': 1.3265165090560913, 'learning_rate': 1.8814102564102566e-05, 'epoch': 0.24}
{'loss': 1.9781, 'grad_norm': 1.5446035861968994, 'learning_rate': 1.841346153846154e-05, 'epoch': 0.32}
{'loss': 1.5866, 'grad_norm': 1.1458861827850342, 'learning_rate': 1.8012820512820515e-05, 'epoch': 0.4}
{'loss': 1.4324, 'grad_norm': 1.3654546737670898, 'learning_rate': 1.7612179487179487e-05, 'epoch': 0.48}
{'loss': 1.3171, 'grad_norm': 1.835114598274231, 'learning_rate': 1.7211538461538465e-05, 'epoch': 0.56}
{'loss': 1.2057, 'grad_norm': 1.2845503091812134, 'learning_rate': 1.6810897435897436e-05, 'epoch': 0.64}
{'loss': 1.0982, 'grad_norm': 1.1242353916168213, 'learning_rate': 1.641025641025641e-05, 'epoch': 0.72}
{'loss': 1.05, 'grad_norm': 1.3070515394210815, 'learning_rate': 1.6009615384615385e-05, 'epoch': 0.8}
{'loss': 1.0432, 'grad_norm': 1.3875682353973389, 'learning_rate': 1.560897435897436e-05, 'epoch': 0.88}
{'loss': 1.0396, 'grad_norm': 1.5293623208999634, 'learning_rate': 1.5208333333333333e-05, 'epoch': 0.96}
{'eval_loss': 0.9745273590087891, 'eval_runtime': 11.7857, 'eval_samples_per_second': 25.455, 'eval_steps_per_second': 12.727, 'epoch': 1.0}
{'loss': 1.0006, 'grad_norm': 1.3632792234420776, 'learning_rate': 1.480769230769231e-05, 'epoch': 1.04}
{'loss': 0.9791, 'grad_norm': 1.0775952339172363, 'learning_rate': 1.4407051282051283e-05, 'epoch': 1.12}
{'loss': 0.9603, 'grad_norm': 1.3399837017059326, 'learning_rate': 1.4006410256410257e-05, 'epoch': 1.2}
{'loss': 0.9363, 'grad_norm': 1.081068992614746, 'learning_rate': 1.3605769230769232e-05, 'epoch': 1.28}
{'loss': 0.9187, 'grad_norm': 1.2228074073791504, 'learning_rate': 1.3205128205128207e-05, 'epoch': 1.36}
{'loss': 0.9668, 'grad_norm': 1.2837231159210205, 'learning_rate': 1.280448717948718e-05, 'epoch': 1.44}
{'loss': 0.8715, 'grad_norm': 1.727025032043457, 'learning_rate': 1.2403846153846156e-05, 'epoch': 1.52}
{'loss': 0.9332, 'grad_norm': 1.18936288356781, 'learning_rate': 1.2003205128205129e-05, 'epoch': 1.6}
{'loss': 0.8881, 'grad_norm': 1.3258435726165771, 'learning_rate': 1.1602564102564104e-05, 'epoch': 1.68}
{'loss': 0.9, 'grad_norm': 1.4485957622528076, 'learning_rate': 1.1201923076923078e-05, 'epoch': 1.76}
{'loss': 0.9482, 'grad_norm': 1.2667311429977417, 'learning_rate': 1.0801282051282051e-05, 'epoch': 1.84}
{'loss': 0.9088, 'grad_norm': 1.3502992391586304, 'learning_rate': 1.0400641025641028e-05, 'epoch': 1.92}
{'loss': 0.9002, 'grad_norm': 1.6438757181167603, 'learning_rate': 1e-05, 'epoch': 2.0}
{'eval_loss': 0.885973334312439, 'eval_runtime': 11.7805, 'eval_samples_per_second': 25.466, 'eval_steps_per_second': 12.733, 'epoch': 2.0}
{'loss': 0.9119, 'grad_norm': 1.3617944717407227, 'learning_rate': 9.599358974358976e-06, 'epoch': 2.08}
{'loss': 0.8786, 'grad_norm': 1.1039588451385498, 'learning_rate': 9.198717948717949e-06, 'epoch': 2.16}
{'loss': 0.8687, 'grad_norm': 1.0810524225234985, 'learning_rate': 8.798076923076923e-06, 'epoch': 2.24}
{'loss': 0.9175, 'grad_norm': 1.5871249437332153, 'learning_rate': 8.397435897435898e-06, 'epoch': 2.32}
{'loss': 0.8818, 'grad_norm': 1.0844612121582031, 'learning_rate': 7.996794871794873e-06, 'epoch': 2.4}
{'loss': 0.9213, 'grad_norm': 1.1324840784072876, 'learning_rate': 7.5961538461538465e-06, 'epoch': 2.48}
{'loss': 0.8932, 'grad_norm': 0.9843567609786987, 'learning_rate': 7.195512820512821e-06, 'epoch': 2.56}
{'loss': 0.9263, 'grad_norm': 1.102387547492981, 'learning_rate': 6.794871794871796e-06, 'epoch': 2.64}
{'loss': 0.8687, 'grad_norm': 1.195500135421753, 'learning_rate': 6.394230769230769e-06, 'epoch': 2.72}
{'loss': 0.8981, 'grad_norm': 1.0921251773834229, 'learning_rate': 5.9935897435897436e-06, 'epoch': 2.8}
{'loss': 0.8753, 'grad_norm': 1.5935590267181396, 'learning_rate': 5.592948717948718e-06, 'epoch': 2.88}
{'loss': 0.8464, 'grad_norm': 1.2395505905151367, 'learning_rate': 5.192307692307693e-06, 'epoch': 2.96}
{'eval_loss': 0.866772472858429, 'eval_runtime': 11.7809, 'eval_samples_per_second': 25.465, 'eval_steps_per_second': 12.732, 'epoch': 3.0}
{'loss': 0.8763, 'grad_norm': 0.9890573024749756, 'learning_rate': 4.791666666666668e-06, 'epoch': 3.04}
{'loss': 0.9168, 'grad_norm': 1.1473332643508911, 'learning_rate': 4.3910256410256415e-06, 'epoch': 3.12}
{'loss': 0.8935, 'grad_norm': 1.198623776435852, 'learning_rate': 3.990384615384616e-06, 'epoch': 3.2}
{'loss': 0.9044, 'grad_norm': 1.200907826423645, 'learning_rate': 3.58974358974359e-06, 'epoch': 3.28}
{'loss': 0.8201, 'grad_norm': 1.2675368785858154, 'learning_rate': 3.1891025641025643e-06, 'epoch': 3.36}
{'loss': 0.8886, 'grad_norm': 1.1108430624008179, 'learning_rate': 2.7884615384615386e-06, 'epoch': 3.44}
{'loss': 0.8494, 'grad_norm': 1.1656763553619385, 'learning_rate': 2.3878205128205133e-06, 'epoch': 3.52}
{'loss': 0.9007, 'grad_norm': 1.1470122337341309, 'learning_rate': 1.987179487179487e-06, 'epoch': 3.6}
{'loss': 0.8845, 'grad_norm': 0.9398465156555176, 'learning_rate': 1.5865384615384616e-06, 'epoch': 3.68}
{'loss': 0.8643, 'grad_norm': 1.236867070198059, 'learning_rate': 1.185897435897436e-06, 'epoch': 3.76}
{'loss': 0.8545, 'grad_norm': 1.2571953535079956, 'learning_rate': 7.852564102564103e-07, 'epoch': 3.84}
{'loss': 0.8538, 'grad_norm': 1.0696345567703247, 'learning_rate': 3.846153846153847e-07, 'epoch': 3.92}
{'eval_loss': 0.8610056638717651, 'eval_runtime': 11.7799, 'eval_samples_per_second': 25.467, 'eval_steps_per_second': 12.734, 'epoch': 3.99}
{'train_runtime': 856.3742, 'train_samples_per_second': 11.677, 'train_steps_per_second': 1.457, 'train_loss': 1.0819180057598994, 'epoch': 3.99}
:) hope it's better now
